mode: atomic
github.com/go-park-mail-ru/2025_2_VKarmane/internal/handlers/category/category.go:24.91,29.2 1 14
github.com/go-park-mail-ru/2025_2_VKarmane/internal/handlers/category/category.go:31.58,34.2 2 14
github.com/go-park-mail-ru/2025_2_VKarmane/internal/handlers/category/category.go:36.82,40.2 3 6
github.com/go-park-mail-ru/2025_2_VKarmane/internal/handlers/category/category.go:52.73,54.9 2 2
github.com/go-park-mail-ru/2025_2_VKarmane/internal/handlers/category/category.go:54.9,57.3 2 1
github.com/go-park-mail-ru/2025_2_VKarmane/internal/handlers/category/category.go:59.2,60.16 2 1
github.com/go-park-mail-ru/2025_2_VKarmane/internal/handlers/category/category.go:60.16,63.3 2 0
github.com/go-park-mail-ru/2025_2_VKarmane/internal/handlers/category/category.go:65.2,70.35 2 1
github.com/go-park-mail-ru/2025_2_VKarmane/internal/handlers/category/category.go:88.74,90.9 2 3
github.com/go-park-mail-ru/2025_2_VKarmane/internal/handlers/category/category.go:90.9,93.3 2 1
github.com/go-park-mail-ru/2025_2_VKarmane/internal/handlers/category/category.go:95.2,95.55 1 2
github.com/go-park-mail-ru/2025_2_VKarmane/internal/handlers/category/category.go:95.55,98.3 2 0
github.com/go-park-mail-ru/2025_2_VKarmane/internal/handlers/category/category.go:100.2,106.31 3 2
github.com/go-park-mail-ru/2025_2_VKarmane/internal/handlers/category/category.go:106.31,109.3 2 0
github.com/go-park-mail-ru/2025_2_VKarmane/internal/handlers/category/category.go:111.2,112.16 2 2
github.com/go-park-mail-ru/2025_2_VKarmane/internal/handlers/category/category.go:112.16,118.42 5 1
github.com/go-park-mail-ru/2025_2_VKarmane/internal/handlers/category/category.go:118.42,119.25 1 1
github.com/go-park-mail-ru/2025_2_VKarmane/internal/handlers/category/category.go:119.25,121.10 2 1
github.com/go-park-mail-ru/2025_2_VKarmane/internal/handlers/category/category.go:125.3,125.15 1 1
github.com/go-park-mail-ru/2025_2_VKarmane/internal/handlers/category/category.go:125.15,128.4 2 0
github.com/go-park-mail-ru/2025_2_VKarmane/internal/handlers/category/category.go:130.3,131.24 2 1
github.com/go-park-mail-ru/2025_2_VKarmane/internal/handlers/category/category.go:131.24,133.4 1 0
github.com/go-park-mail-ru/2025_2_VKarmane/internal/handlers/category/category.go:135.3,136.17 2 1
github.com/go-park-mail-ru/2025_2_VKarmane/internal/handlers/category/category.go:136.17,139.4 2 0
github.com/go-park-mail-ru/2025_2_VKarmane/internal/handlers/category/category.go:141.3,141.29 1 1
github.com/go-park-mail-ru/2025_2_VKarmane/internal/handlers/category/category.go:144.2,145.16 2 2
github.com/go-park-mail-ru/2025_2_VKarmane/internal/handlers/category/category.go:145.16,148.3 2 0
github.com/go-park-mail-ru/2025_2_VKarmane/internal/handlers/category/category.go:150.2,150.35 1 2
github.com/go-park-mail-ru/2025_2_VKarmane/internal/handlers/category/category.go:165.75,167.9 2 3
github.com/go-park-mail-ru/2025_2_VKarmane/internal/handlers/category/category.go:167.9,170.3 2 1
github.com/go-park-mail-ru/2025_2_VKarmane/internal/handlers/category/category.go:172.2,173.16 2 2
github.com/go-park-mail-ru/2025_2_VKarmane/internal/handlers/category/category.go:173.16,176.3 2 1
github.com/go-park-mail-ru/2025_2_VKarmane/internal/handlers/category/category.go:178.2,179.16 2 1
github.com/go-park-mail-ru/2025_2_VKarmane/internal/handlers/category/category.go:179.16,182.3 2 0
github.com/go-park-mail-ru/2025_2_VKarmane/internal/handlers/category/category.go:184.2,184.35 1 1
github.com/go-park-mail-ru/2025_2_VKarmane/internal/handlers/category/category.go:204.74,206.9 2 3
github.com/go-park-mail-ru/2025_2_VKarmane/internal/handlers/category/category.go:206.9,209.3 2 1
github.com/go-park-mail-ru/2025_2_VKarmane/internal/handlers/category/category.go:211.2,212.16 2 2
github.com/go-park-mail-ru/2025_2_VKarmane/internal/handlers/category/category.go:212.16,215.3 2 0
github.com/go-park-mail-ru/2025_2_VKarmane/internal/handlers/category/category.go:217.2,217.55 1 2
github.com/go-park-mail-ru/2025_2_VKarmane/internal/handlers/category/category.go:217.55,220.3 2 0
github.com/go-park-mail-ru/2025_2_VKarmane/internal/handlers/category/category.go:222.2,223.45 2 2
github.com/go-park-mail-ru/2025_2_VKarmane/internal/handlers/category/category.go:223.45,225.3 1 2
github.com/go-park-mail-ru/2025_2_VKarmane/internal/handlers/category/category.go:226.2,226.66 1 2
github.com/go-park-mail-ru/2025_2_VKarmane/internal/handlers/category/category.go:226.66,228.3 1 0
github.com/go-park-mail-ru/2025_2_VKarmane/internal/handlers/category/category.go:230.2,231.31 2 2
github.com/go-park-mail-ru/2025_2_VKarmane/internal/handlers/category/category.go:231.31,234.3 2 0
github.com/go-park-mail-ru/2025_2_VKarmane/internal/handlers/category/category.go:236.2,237.16 2 2
github.com/go-park-mail-ru/2025_2_VKarmane/internal/handlers/category/category.go:237.16,243.42 5 1
github.com/go-park-mail-ru/2025_2_VKarmane/internal/handlers/category/category.go:243.42,244.25 1 1
github.com/go-park-mail-ru/2025_2_VKarmane/internal/handlers/category/category.go:244.25,246.10 2 1
github.com/go-park-mail-ru/2025_2_VKarmane/internal/handlers/category/category.go:250.3,250.15 1 1
github.com/go-park-mail-ru/2025_2_VKarmane/internal/handlers/category/category.go:250.15,253.4 2 0
github.com/go-park-mail-ru/2025_2_VKarmane/internal/handlers/category/category.go:255.3,256.24 2 1
github.com/go-park-mail-ru/2025_2_VKarmane/internal/handlers/category/category.go:256.24,258.4 1 0
github.com/go-park-mail-ru/2025_2_VKarmane/internal/handlers/category/category.go:260.3,261.17 2 1
github.com/go-park-mail-ru/2025_2_VKarmane/internal/handlers/category/category.go:261.17,264.4 2 0
github.com/go-park-mail-ru/2025_2_VKarmane/internal/handlers/category/category.go:266.3,266.30 1 1
github.com/go-park-mail-ru/2025_2_VKarmane/internal/handlers/category/category.go:269.2,270.16 2 2
github.com/go-park-mail-ru/2025_2_VKarmane/internal/handlers/category/category.go:270.16,273.3 2 0
github.com/go-park-mail-ru/2025_2_VKarmane/internal/handlers/category/category.go:275.2,275.35 1 2
github.com/go-park-mail-ru/2025_2_VKarmane/internal/handlers/category/category.go:290.74,292.9 2 3
github.com/go-park-mail-ru/2025_2_VKarmane/internal/handlers/category/category.go:292.9,295.3 2 1
github.com/go-park-mail-ru/2025_2_VKarmane/internal/handlers/category/category.go:297.2,298.16 2 2
github.com/go-park-mail-ru/2025_2_VKarmane/internal/handlers/category/category.go:298.16,301.3 2 1
github.com/go-park-mail-ru/2025_2_VKarmane/internal/handlers/category/category.go:303.2,304.16 2 1
github.com/go-park-mail-ru/2025_2_VKarmane/internal/handlers/category/category.go:304.16,307.3 2 0
github.com/go-park-mail-ru/2025_2_VKarmane/internal/handlers/category/category.go:309.2,309.37 1 1
github.com/go-park-mail-ru/2025_2_VKarmane/internal/handlers/category/register.go:10.100,18.2 6 0
github.com/go-park-mail-ru/2025_2_VKarmane/internal/handlers/budget/budget.go:18.68,20.2 1 4
github.com/go-park-mail-ru/2025_2_VKarmane/internal/handlers/budget/budget.go:22.58,24.2 1 3
github.com/go-park-mail-ru/2025_2_VKarmane/internal/handlers/budget/budget.go:26.82,30.2 3 2
github.com/go-park-mail-ru/2025_2_VKarmane/internal/handlers/budget/budget.go:42.74,44.9 2 2
github.com/go-park-mail-ru/2025_2_VKarmane/internal/handlers/budget/budget.go:44.9,47.3 2 1
github.com/go-park-mail-ru/2025_2_VKarmane/internal/handlers/budget/budget.go:49.2,50.16 2 1
github.com/go-park-mail-ru/2025_2_VKarmane/internal/handlers/budget/budget.go:50.16,53.3 2 0
github.com/go-park-mail-ru/2025_2_VKarmane/internal/handlers/budget/budget.go:55.2,56.37 2 1
github.com/go-park-mail-ru/2025_2_VKarmane/internal/handlers/budget/budget.go:72.73,74.16 2 2
github.com/go-park-mail-ru/2025_2_VKarmane/internal/handlers/budget/budget.go:74.16,77.3 2 1
github.com/go-park-mail-ru/2025_2_VKarmane/internal/handlers/budget/budget.go:79.2,80.9 2 1
github.com/go-park-mail-ru/2025_2_VKarmane/internal/handlers/budget/budget.go:80.9,83.3 2 0
github.com/go-park-mail-ru/2025_2_VKarmane/internal/handlers/budget/budget.go:85.2,86.16 2 1
github.com/go-park-mail-ru/2025_2_VKarmane/internal/handlers/budget/budget.go:86.16,89.3 2 0
github.com/go-park-mail-ru/2025_2_VKarmane/internal/handlers/budget/budget.go:91.2,92.36 2 1
github.com/go-park-mail-ru/2025_2_VKarmane/internal/handlers/budget/mapper.go:7.50,18.2 1 6
github.com/go-park-mail-ru/2025_2_VKarmane/internal/handlers/budget/mapper.go:20.67,22.33 2 3
github.com/go-park-mail-ru/2025_2_VKarmane/internal/handlers/budget/mapper.go:22.33,24.3 1 4
github.com/go-park-mail-ru/2025_2_VKarmane/internal/handlers/budget/mapper.go:26.2,29.3 1 3
github.com/go-park-mail-ru/2025_2_VKarmane/internal/handlers/budget/register.go:7.49,9.2 0 0
github.com/go-park-mail-ru/2025_2_VKarmane/internal/handlers/balance/balance.go:16.70,18.2 1 3
github.com/go-park-mail-ru/2025_2_VKarmane/internal/handlers/balance/balance.go:20.58,22.2 1 3
github.com/go-park-mail-ru/2025_2_VKarmane/internal/handlers/balance/balance.go:35.71,37.9 2 3
github.com/go-park-mail-ru/2025_2_VKarmane/internal/handlers/balance/balance.go:37.9,40.3 2 1
github.com/go-park-mail-ru/2025_2_VKarmane/internal/handlers/balance/balance.go:42.2,43.16 2 2
github.com/go-park-mail-ru/2025_2_VKarmane/internal/handlers/balance/balance.go:43.16,46.3 2 0
github.com/go-park-mail-ru/2025_2_VKarmane/internal/handlers/balance/balance.go:49.2,52.43 2 2
github.com/go-park-mail-ru/2025_2_VKarmane/internal/handlers/balance/mapper.go:7.54,14.2 1 3
github.com/go-park-mail-ru/2025_2_VKarmane/internal/handlers/balance/mapper.go:16.77,18.35 2 1
github.com/go-park-mail-ru/2025_2_VKarmane/internal/handlers/balance/mapper.go:18.35,20.3 1 2
github.com/go-park-mail-ru/2025_2_VKarmane/internal/handlers/balance/mapper.go:22.2,25.3 1 1
github.com/go-park-mail-ru/2025_2_VKarmane/internal/handlers/balance/register.go:11.49,16.2 3 0
github.com/go-park-mail-ru/2025_2_VKarmane/internal/handlers/auth/auth.go:24.86,26.2 1 7
github.com/go-park-mail-ru/2025_2_VKarmane/internal/handlers/auth/auth.go:40.68,43.61 2 3
github.com/go-park-mail-ru/2025_2_VKarmane/internal/handlers/auth/auth.go:43.61,46.3 2 1
github.com/go-park-mail-ru/2025_2_VKarmane/internal/handlers/auth/auth.go:48.2,49.31 2 2
github.com/go-park-mail-ru/2025_2_VKarmane/internal/handlers/auth/auth.go:49.31,52.3 2 1
github.com/go-park-mail-ru/2025_2_VKarmane/internal/handlers/auth/auth.go:54.2,55.16 2 1
github.com/go-park-mail-ru/2025_2_VKarmane/internal/handlers/auth/auth.go:55.16,56.10 1 0
github.com/go-park-mail-ru/2025_2_VKarmane/internal/handlers/auth/auth.go:57.44,58.135 1 0
github.com/go-park-mail-ru/2025_2_VKarmane/internal/handlers/auth/auth.go:59.44,60.144 1 0
github.com/go-park-mail-ru/2025_2_VKarmane/internal/handlers/auth/auth.go:61.11,62.114 1 0
github.com/go-park-mail-ru/2025_2_VKarmane/internal/handlers/auth/auth.go:64.3,64.9 1 0
github.com/go-park-mail-ru/2025_2_VKarmane/internal/handlers/auth/auth.go:67.2,71.34 4 1
github.com/go-park-mail-ru/2025_2_VKarmane/internal/handlers/auth/auth.go:86.65,89.61 2 3
github.com/go-park-mail-ru/2025_2_VKarmane/internal/handlers/auth/auth.go:89.61,92.3 2 1
github.com/go-park-mail-ru/2025_2_VKarmane/internal/handlers/auth/auth.go:94.2,95.31 2 2
github.com/go-park-mail-ru/2025_2_VKarmane/internal/handlers/auth/auth.go:95.31,98.3 2 1
github.com/go-park-mail-ru/2025_2_VKarmane/internal/handlers/auth/auth.go:100.2,101.16 2 1
github.com/go-park-mail-ru/2025_2_VKarmane/internal/handlers/auth/auth.go:101.16,102.10 1 0
github.com/go-park-mail-ru/2025_2_VKarmane/internal/handlers/auth/auth.go:103.45,104.110 1 0
github.com/go-park-mail-ru/2025_2_VKarmane/internal/handlers/auth/auth.go:105.48,106.103 1 0
github.com/go-park-mail-ru/2025_2_VKarmane/internal/handlers/auth/auth.go:107.11,108.118 1 0
github.com/go-park-mail-ru/2025_2_VKarmane/internal/handlers/auth/auth.go:110.3,110.9 1 0
github.com/go-park-mail-ru/2025_2_VKarmane/internal/handlers/auth/auth.go:113.2,117.34 4 1
github.com/go-park-mail-ru/2025_2_VKarmane/internal/handlers/auth/auth.go:129.66,134.2 3 1
github.com/go-park-mail-ru/2025_2_VKarmane/internal/handlers/auth/mapper.go:7.40,18.2 1 1
github.com/go-park-mail-ru/2025_2_VKarmane/internal/handlers/auth/register.go:12.105,20.2 5 0
github.com/go-park-mail-ru/2025_2_VKarmane/internal/handlers/operation/dto.go:29.55,43.2 1 3
github.com/go-park-mail-ru/2025_2_VKarmane/internal/handlers/operation/dto.go:45.60,47.25 2 1
github.com/go-park-mail-ru/2025_2_VKarmane/internal/handlers/operation/dto.go:47.25,49.3 1 2
github.com/go-park-mail-ru/2025_2_VKarmane/internal/handlers/operation/dto.go:51.2,53.3 1 1
github.com/go-park-mail-ru/2025_2_VKarmane/internal/handlers/operation/operation.go:23.67,25.2 1 18
github.com/go-park-mail-ru/2025_2_VKarmane/internal/handlers/operation/operation.go:27.58,29.2 1 18
github.com/go-park-mail-ru/2025_2_VKarmane/internal/handlers/operation/operation.go:31.82,35.2 3 20
github.com/go-park-mail-ru/2025_2_VKarmane/internal/handlers/operation/operation.go:37.72,53.2 1 5
github.com/go-park-mail-ru/2025_2_VKarmane/internal/handlers/operation/operation.go:68.80,70.9 2 3
github.com/go-park-mail-ru/2025_2_VKarmane/internal/handlers/operation/operation.go:70.9,73.3 2 1
github.com/go-park-mail-ru/2025_2_VKarmane/internal/handlers/operation/operation.go:75.2,76.16 2 2
github.com/go-park-mail-ru/2025_2_VKarmane/internal/handlers/operation/operation.go:76.16,79.3 2 1
github.com/go-park-mail-ru/2025_2_VKarmane/internal/handlers/operation/operation.go:81.2,82.16 2 1
github.com/go-park-mail-ru/2025_2_VKarmane/internal/handlers/operation/operation.go:82.16,83.46 1 0
github.com/go-park-mail-ru/2025_2_VKarmane/internal/handlers/operation/operation.go:83.46,86.4 2 0
github.com/go-park-mail-ru/2025_2_VKarmane/internal/handlers/operation/operation.go:87.3,88.9 2 0
github.com/go-park-mail-ru/2025_2_VKarmane/internal/handlers/operation/operation.go:92.2,93.25 2 1
github.com/go-park-mail-ru/2025_2_VKarmane/internal/handlers/operation/operation.go:93.25,95.3 1 1
github.com/go-park-mail-ru/2025_2_VKarmane/internal/handlers/operation/operation.go:97.2,100.35 2 1
github.com/go-park-mail-ru/2025_2_VKarmane/internal/handlers/operation/operation.go:118.75,120.9 2 3
github.com/go-park-mail-ru/2025_2_VKarmane/internal/handlers/operation/operation.go:120.9,123.3 2 1
github.com/go-park-mail-ru/2025_2_VKarmane/internal/handlers/operation/operation.go:125.2,126.16 2 2
github.com/go-park-mail-ru/2025_2_VKarmane/internal/handlers/operation/operation.go:126.16,129.3 2 0
github.com/go-park-mail-ru/2025_2_VKarmane/internal/handlers/operation/operation.go:131.2,132.61 2 2
github.com/go-park-mail-ru/2025_2_VKarmane/internal/handlers/operation/operation.go:132.61,135.3 2 1
github.com/go-park-mail-ru/2025_2_VKarmane/internal/handlers/operation/operation.go:137.2,138.31 2 1
github.com/go-park-mail-ru/2025_2_VKarmane/internal/handlers/operation/operation.go:138.31,141.3 2 0
github.com/go-park-mail-ru/2025_2_VKarmane/internal/handlers/operation/operation.go:143.2,144.16 2 1
github.com/go-park-mail-ru/2025_2_VKarmane/internal/handlers/operation/operation.go:144.16,145.46 1 0
github.com/go-park-mail-ru/2025_2_VKarmane/internal/handlers/operation/operation.go:145.46,148.4 2 0
github.com/go-park-mail-ru/2025_2_VKarmane/internal/handlers/operation/operation.go:149.3,150.9 2 0
github.com/go-park-mail-ru/2025_2_VKarmane/internal/handlers/operation/operation.go:153.2,154.44 2 1
github.com/go-park-mail-ru/2025_2_VKarmane/internal/handlers/operation/operation.go:172.76,174.9 2 3
github.com/go-park-mail-ru/2025_2_VKarmane/internal/handlers/operation/operation.go:174.9,177.3 2 1
github.com/go-park-mail-ru/2025_2_VKarmane/internal/handlers/operation/operation.go:179.2,180.16 2 2
github.com/go-park-mail-ru/2025_2_VKarmane/internal/handlers/operation/operation.go:180.16,183.3 2 0
github.com/go-park-mail-ru/2025_2_VKarmane/internal/handlers/operation/operation.go:185.2,186.16 2 2
github.com/go-park-mail-ru/2025_2_VKarmane/internal/handlers/operation/operation.go:186.16,189.3 2 1
github.com/go-park-mail-ru/2025_2_VKarmane/internal/handlers/operation/operation.go:191.2,192.16 2 1
github.com/go-park-mail-ru/2025_2_VKarmane/internal/handlers/operation/operation.go:192.16,193.46 1 0
github.com/go-park-mail-ru/2025_2_VKarmane/internal/handlers/operation/operation.go:193.46,196.4 2 0
github.com/go-park-mail-ru/2025_2_VKarmane/internal/handlers/operation/operation.go:197.3,197.36 1 0
github.com/go-park-mail-ru/2025_2_VKarmane/internal/handlers/operation/operation.go:197.36,200.4 2 0
github.com/go-park-mail-ru/2025_2_VKarmane/internal/handlers/operation/operation.go:201.3,202.9 2 0
github.com/go-park-mail-ru/2025_2_VKarmane/internal/handlers/operation/operation.go:205.2,206.44 2 1
github.com/go-park-mail-ru/2025_2_VKarmane/internal/handlers/operation/operation.go:226.75,228.9 2 5
github.com/go-park-mail-ru/2025_2_VKarmane/internal/handlers/operation/operation.go:228.9,231.3 2 1
github.com/go-park-mail-ru/2025_2_VKarmane/internal/handlers/operation/operation.go:233.2,234.16 2 4
github.com/go-park-mail-ru/2025_2_VKarmane/internal/handlers/operation/operation.go:234.16,237.3 2 1
github.com/go-park-mail-ru/2025_2_VKarmane/internal/handlers/operation/operation.go:239.2,240.16 2 3
github.com/go-park-mail-ru/2025_2_VKarmane/internal/handlers/operation/operation.go:240.16,243.3 2 1
github.com/go-park-mail-ru/2025_2_VKarmane/internal/handlers/operation/operation.go:245.2,246.61 2 2
github.com/go-park-mail-ru/2025_2_VKarmane/internal/handlers/operation/operation.go:246.61,249.3 2 1
github.com/go-park-mail-ru/2025_2_VKarmane/internal/handlers/operation/operation.go:251.2,252.31 2 1
github.com/go-park-mail-ru/2025_2_VKarmane/internal/handlers/operation/operation.go:252.31,255.3 2 0
github.com/go-park-mail-ru/2025_2_VKarmane/internal/handlers/operation/operation.go:257.2,257.39 1 1
github.com/go-park-mail-ru/2025_2_VKarmane/internal/handlers/operation/operation.go:257.39,260.3 2 0
github.com/go-park-mail-ru/2025_2_VKarmane/internal/handlers/operation/operation.go:262.2,263.16 2 1
github.com/go-park-mail-ru/2025_2_VKarmane/internal/handlers/operation/operation.go:263.16,264.46 1 0
github.com/go-park-mail-ru/2025_2_VKarmane/internal/handlers/operation/operation.go:264.46,267.4 2 0
github.com/go-park-mail-ru/2025_2_VKarmane/internal/handlers/operation/operation.go:268.3,268.36 1 0
github.com/go-park-mail-ru/2025_2_VKarmane/internal/handlers/operation/operation.go:268.36,271.4 2 0
github.com/go-park-mail-ru/2025_2_VKarmane/internal/handlers/operation/operation.go:272.3,273.9 2 0
github.com/go-park-mail-ru/2025_2_VKarmane/internal/handlers/operation/operation.go:276.2,277.44 2 1
github.com/go-park-mail-ru/2025_2_VKarmane/internal/handlers/operation/operation.go:295.75,297.9 2 4
github.com/go-park-mail-ru/2025_2_VKarmane/internal/handlers/operation/operation.go:297.9,300.3 2 1
github.com/go-park-mail-ru/2025_2_VKarmane/internal/handlers/operation/operation.go:302.2,303.16 2 3
github.com/go-park-mail-ru/2025_2_VKarmane/internal/handlers/operation/operation.go:303.16,306.3 2 1
github.com/go-park-mail-ru/2025_2_VKarmane/internal/handlers/operation/operation.go:308.2,309.16 2 2
github.com/go-park-mail-ru/2025_2_VKarmane/internal/handlers/operation/operation.go:309.16,312.3 2 1
github.com/go-park-mail-ru/2025_2_VKarmane/internal/handlers/operation/operation.go:314.2,315.16 2 1
github.com/go-park-mail-ru/2025_2_VKarmane/internal/handlers/operation/operation.go:315.16,316.46 1 0
github.com/go-park-mail-ru/2025_2_VKarmane/internal/handlers/operation/operation.go:316.46,319.4 2 0
github.com/go-park-mail-ru/2025_2_VKarmane/internal/handlers/operation/operation.go:320.3,320.36 1 0
github.com/go-park-mail-ru/2025_2_VKarmane/internal/handlers/operation/operation.go:320.36,323.4 2 0
github.com/go-park-mail-ru/2025_2_VKarmane/internal/handlers/operation/operation.go:324.3,325.9 2 0
github.com/go-park-mail-ru/2025_2_VKarmane/internal/handlers/operation/operation.go:328.2,329.44 2 1
github.com/go-park-mail-ru/2025_2_VKarmane/internal/handlers/operation/register.go:11.51,20.2 7 0
github.com/go-park-mail-ru/2025_2_VKarmane/internal/models/errors.go:54.83,62.2 1 3
github.com/go-park-mail-ru/2025_2_VKarmane/internal/models/errors.go:64.45,106.40 2 64
github.com/go-park-mail-ru/2025_2_VKarmane/internal/models/errors.go:106.40,108.3 1 62
github.com/go-park-mail-ru/2025_2_VKarmane/internal/models/errors.go:109.2,109.46 1 2
github.com/go-park-mail-ru/2025_2_VKarmane/internal/models/operation.go:46.51,47.33 1 0
github.com/go-park-mail-ru/2025_2_VKarmane/internal/models/operation.go:47.33,49.3 1 0
github.com/go-park-mail-ru/2025_2_VKarmane/internal/models/operation.go:50.2,50.12 1 0
github.com/go-park-mail-ru/2025_2_VKarmane/internal/models/operation.go:67.51,68.15 1 0
github.com/go-park-mail-ru/2025_2_VKarmane/internal/models/operation.go:68.15,70.3 1 0
github.com/go-park-mail-ru/2025_2_VKarmane/internal/models/operation.go:71.2,71.18 1 0
github.com/go-park-mail-ru/2025_2_VKarmane/internal/models/operation.go:71.18,73.3 1 0
github.com/go-park-mail-ru/2025_2_VKarmane/internal/models/operation.go:74.2,74.12 1 0
github.com/go-park-mail-ru/2025_2_VKarmane/internal/handlers/profile/profile.go:21.88,26.2 1 5
github.com/go-park-mail-ru/2025_2_VKarmane/internal/handlers/profile/profile.go:28.58,31.2 2 5
github.com/go-park-mail-ru/2025_2_VKarmane/internal/handlers/profile/profile.go:43.70,45.9 2 2
github.com/go-park-mail-ru/2025_2_VKarmane/internal/handlers/profile/profile.go:45.9,48.3 2 1
github.com/go-park-mail-ru/2025_2_VKarmane/internal/handlers/profile/profile.go:50.2,51.16 2 1
github.com/go-park-mail-ru/2025_2_VKarmane/internal/handlers/profile/profile.go:51.16,54.3 2 0
github.com/go-park-mail-ru/2025_2_VKarmane/internal/handlers/profile/profile.go:56.2,56.34 1 1
github.com/go-park-mail-ru/2025_2_VKarmane/internal/handlers/profile/profile.go:76.73,78.9 2 3
github.com/go-park-mail-ru/2025_2_VKarmane/internal/handlers/profile/profile.go:78.9,81.3 2 1
github.com/go-park-mail-ru/2025_2_VKarmane/internal/handlers/profile/profile.go:83.2,83.55 1 2
github.com/go-park-mail-ru/2025_2_VKarmane/internal/handlers/profile/profile.go:83.55,86.3 2 0
github.com/go-park-mail-ru/2025_2_VKarmane/internal/handlers/profile/profile.go:88.2,94.50 2 2
github.com/go-park-mail-ru/2025_2_VKarmane/internal/handlers/profile/profile.go:94.50,97.3 2 0
github.com/go-park-mail-ru/2025_2_VKarmane/internal/handlers/profile/profile.go:99.2,100.16 2 2
github.com/go-park-mail-ru/2025_2_VKarmane/internal/handlers/profile/profile.go:100.16,106.42 5 1
github.com/go-park-mail-ru/2025_2_VKarmane/internal/handlers/profile/profile.go:106.42,107.25 1 1
github.com/go-park-mail-ru/2025_2_VKarmane/internal/handlers/profile/profile.go:107.25,109.10 2 1
github.com/go-park-mail-ru/2025_2_VKarmane/internal/handlers/profile/profile.go:113.3,113.15 1 1
github.com/go-park-mail-ru/2025_2_VKarmane/internal/handlers/profile/profile.go:113.15,116.4 2 0
github.com/go-park-mail-ru/2025_2_VKarmane/internal/handlers/profile/profile.go:118.3,119.24 2 1
github.com/go-park-mail-ru/2025_2_VKarmane/internal/handlers/profile/profile.go:119.24,121.4 1 0
github.com/go-park-mail-ru/2025_2_VKarmane/internal/handlers/profile/profile.go:123.3,124.17 2 1
github.com/go-park-mail-ru/2025_2_VKarmane/internal/handlers/profile/profile.go:124.17,127.4 2 0
github.com/go-park-mail-ru/2025_2_VKarmane/internal/handlers/profile/profile.go:129.3,129.29 1 1
github.com/go-park-mail-ru/2025_2_VKarmane/internal/handlers/profile/profile.go:132.2,133.16 2 2
github.com/go-park-mail-ru/2025_2_VKarmane/internal/handlers/profile/profile.go:133.16,136.3 2 0
github.com/go-park-mail-ru/2025_2_VKarmane/internal/handlers/profile/profile.go:138.2,138.34 1 2
github.com/go-park-mail-ru/2025_2_VKarmane/internal/handlers/profile/register.go:10.97,15.2 3 0
github.com/go-park-mail-ru/2025_2_VKarmane/internal/middleware/auth.go:20.71,21.46 1 3
github.com/go-park-mail-ru/2025_2_VKarmane/internal/middleware/auth.go:21.46,22.72 1 3
github.com/go-park-mail-ru/2025_2_VKarmane/internal/middleware/auth.go:22.72,24.18 2 3
github.com/go-park-mail-ru/2025_2_VKarmane/internal/middleware/auth.go:24.18,27.5 2 1
github.com/go-park-mail-ru/2025_2_VKarmane/internal/middleware/auth.go:29.4,30.25 2 2
github.com/go-park-mail-ru/2025_2_VKarmane/internal/middleware/auth.go:30.25,33.5 2 0
github.com/go-park-mail-ru/2025_2_VKarmane/internal/middleware/auth.go:35.4,35.106 1 2
github.com/go-park-mail-ru/2025_2_VKarmane/internal/middleware/auth.go:35.106,37.5 1 1
github.com/go-park-mail-ru/2025_2_VKarmane/internal/middleware/auth.go:39.4,39.18 1 2
github.com/go-park-mail-ru/2025_2_VKarmane/internal/middleware/auth.go:39.18,42.5 2 1
github.com/go-park-mail-ru/2025_2_VKarmane/internal/middleware/auth.go:44.4,44.20 1 1
github.com/go-park-mail-ru/2025_2_VKarmane/internal/middleware/auth.go:44.20,47.5 2 0
github.com/go-park-mail-ru/2025_2_VKarmane/internal/middleware/auth.go:49.4,50.11 2 1
github.com/go-park-mail-ru/2025_2_VKarmane/internal/middleware/auth.go:50.11,53.5 2 0
github.com/go-park-mail-ru/2025_2_VKarmane/internal/middleware/auth.go:55.4,56.41 2 1
github.com/go-park-mail-ru/2025_2_VKarmane/internal/middleware/auth.go:61.60,64.2 2 3
github.com/go-park-mail-ru/2025_2_VKarmane/internal/middleware/cors.go:9.103,10.46 1 3
github.com/go-park-mail-ru/2025_2_VKarmane/internal/middleware/cors.go:10.46,11.72 1 3
github.com/go-park-mail-ru/2025_2_VKarmane/internal/middleware/cors.go:11.72,21.49 5 3
github.com/go-park-mail-ru/2025_2_VKarmane/internal/middleware/cors.go:21.49,22.32 1 3
github.com/go-park-mail-ru/2025_2_VKarmane/internal/middleware/cors.go:22.32,24.11 2 2
github.com/go-park-mail-ru/2025_2_VKarmane/internal/middleware/cors.go:28.4,28.38 1 3
github.com/go-park-mail-ru/2025_2_VKarmane/internal/middleware/cors.go:28.38,29.32 1 1
github.com/go-park-mail-ru/2025_2_VKarmane/internal/middleware/cors.go:29.32,32.6 2 1
github.com/go-park-mail-ru/2025_2_VKarmane/internal/middleware/cors.go:32.11,34.6 1 0
github.com/go-park-mail-ru/2025_2_VKarmane/internal/middleware/cors.go:36.5,42.11 6 1
github.com/go-park-mail-ru/2025_2_VKarmane/internal/middleware/cors.go:45.4,45.15 1 2
github.com/go-park-mail-ru/2025_2_VKarmane/internal/middleware/cors.go:45.15,47.21 2 1
github.com/go-park-mail-ru/2025_2_VKarmane/internal/middleware/cors.go:47.21,49.6 1 0
github.com/go-park-mail-ru/2025_2_VKarmane/internal/middleware/cors.go:49.11,52.6 2 1
github.com/go-park-mail-ru/2025_2_VKarmane/internal/middleware/cors.go:53.10,55.5 1 1
github.com/go-park-mail-ru/2025_2_VKarmane/internal/middleware/cors.go:57.4,67.24 6 2
github.com/go-park-mail-ru/2025_2_VKarmane/internal/middleware/csrf.go:10.69,19.83 2 1
github.com/go-park-mail-ru/2025_2_VKarmane/internal/middleware/csrf.go:19.83,23.4 3 0
github.com/go-park-mail-ru/2025_2_VKarmane/internal/middleware/csrf.go:26.2,26.20 1 1
github.com/go-park-mail-ru/2025_2_VKarmane/internal/middleware/csrf.go:29.43,31.2 1 0
github.com/go-park-mail-ru/2025_2_VKarmane/internal/middleware/logger.go:9.74,10.46 1 1
github.com/go-park-mail-ru/2025_2_VKarmane/internal/middleware/logger.go:10.46,11.72 1 1
github.com/go-park-mail-ru/2025_2_VKarmane/internal/middleware/logger.go:11.72,14.4 2 1
github.com/go-park-mail-ru/2025_2_VKarmane/internal/middleware/request_logger.go:12.81,13.46 1 2
github.com/go-park-mail-ru/2025_2_VKarmane/internal/middleware/request_logger.go:13.46,14.72 1 2
github.com/go-park-mail-ru/2025_2_VKarmane/internal/middleware/request_logger.go:14.72,34.23 8 2
github.com/go-park-mail-ru/2025_2_VKarmane/internal/middleware/request_logger.go:34.23,36.5 1 0
github.com/go-park-mail-ru/2025_2_VKarmane/internal/middleware/request_logger.go:38.4,38.24 1 2
github.com/go-park-mail-ru/2025_2_VKarmane/internal/middleware/request_logger.go:38.24,40.5 1 0
github.com/go-park-mail-ru/2025_2_VKarmane/internal/middleware/request_logger.go:42.4,42.33 1 2
github.com/go-park-mail-ru/2025_2_VKarmane/internal/middleware/request_logger.go:42.33,44.5 1 0
github.com/go-park-mail-ru/2025_2_VKarmane/internal/middleware/request_logger.go:44.10,46.5 1 2
github.com/go-park-mail-ru/2025_2_VKarmane/internal/middleware/request_logger.go:51.42,52.53 1 2
github.com/go-park-mail-ru/2025_2_VKarmane/internal/middleware/request_logger.go:52.53,54.19 2 0
github.com/go-park-mail-ru/2025_2_VKarmane/internal/middleware/request_logger.go:54.19,56.4 1 0
github.com/go-park-mail-ru/2025_2_VKarmane/internal/middleware/request_logger.go:59.2,59.47 1 2
github.com/go-park-mail-ru/2025_2_VKarmane/internal/middleware/request_logger.go:59.47,61.3 1 0
github.com/go-park-mail-ru/2025_2_VKarmane/internal/middleware/request_logger.go:63.2,63.49 1 2
github.com/go-park-mail-ru/2025_2_VKarmane/internal/middleware/request_logger.go:63.49,65.3 1 0
github.com/go-park-mail-ru/2025_2_VKarmane/internal/middleware/request_logger.go:67.2,68.16 2 2
github.com/go-park-mail-ru/2025_2_VKarmane/internal/middleware/request_logger.go:68.16,70.3 1 0
github.com/go-park-mail-ru/2025_2_VKarmane/internal/middleware/request_logger.go:72.2,72.11 1 2
github.com/go-park-mail-ru/2025_2_VKarmane/internal/middleware/request_logger.go:81.49,84.2 2 2
github.com/go-park-mail-ru/2025_2_VKarmane/internal/middleware/request_logger.go:86.56,90.2 3 0
github.com/go-park-mail-ru/2025_2_VKarmane/internal/middleware/request_logger.go:92.82,93.46 1 0
github.com/go-park-mail-ru/2025_2_VKarmane/internal/middleware/request_logger.go:93.46,94.72 1 0
github.com/go-park-mail-ru/2025_2_VKarmane/internal/middleware/request_logger.go:94.72,97.128 2 0
github.com/go-park-mail-ru/2025_2_VKarmane/internal/middleware/request_logger.go:97.128,100.25 2 0
github.com/go-park-mail-ru/2025_2_VKarmane/internal/middleware/request_logger.go:100.25,107.6 1 0
github.com/go-park-mail-ru/2025_2_VKarmane/internal/middleware/request_logger.go:107.11,114.6 1 0
github.com/go-park-mail-ru/2025_2_VKarmane/internal/middleware/request_logger.go:117.4,117.24 1 0
github.com/go-park-mail-ru/2025_2_VKarmane/internal/middleware/security.go:7.66,8.46 1 1
github.com/go-park-mail-ru/2025_2_VKarmane/internal/middleware/security.go:8.46,9.72 1 1
github.com/go-park-mail-ru/2025_2_VKarmane/internal/middleware/security.go:9.72,17.4 6 1
github.com/go-park-mail-ru/2025_2_VKarmane/internal/repository/account/account.go:16.102,22.2 1 5
github.com/go-park-mail-ru/2025_2_VKarmane/internal/repository/account/account.go:24.99,28.36 3 6
github.com/go-park-mail-ru/2025_2_VKarmane/internal/repository/account/account.go:28.36,29.26 1 7
github.com/go-park-mail-ru/2025_2_VKarmane/internal/repository/account/account.go:29.26,31.4 1 4
github.com/go-park-mail-ru/2025_2_VKarmane/internal/repository/account/account.go:34.2,34.31 1 6
github.com/go-park-mail-ru/2025_2_VKarmane/internal/repository/account/account.go:34.31,35.37 1 10
github.com/go-park-mail-ru/2025_2_VKarmane/internal/repository/account/account.go:35.37,37.4 1 4
github.com/go-park-mail-ru/2025_2_VKarmane/internal/repository/account/account.go:40.2,40.17 1 6
github.com/go-park-mail-ru/2025_2_VKarmane/internal/repository/account/mapper.go:7.59,16.2 1 7
github.com/go-park-mail-ru/2025_2_VKarmane/internal/repository/account/mapper.go:18.57,27.2 1 1
github.com/go-park-mail-ru/2025_2_VKarmane/internal/repository/account/mapper.go:29.75,37.2 1 0
github.com/go-park-mail-ru/2025_2_VKarmane/internal/repository/account/mapper.go:39.73,47.2 1 0
github.com/go-park-mail-ru/2025_2_VKarmane/internal/repository/account/postgres.go:15.60,19.2 1 4
github.com/go-park-mail-ru/2025_2_VKarmane/internal/repository/account/postgres.go:21.107,31.16 3 4
github.com/go-park-mail-ru/2025_2_VKarmane/internal/repository/account/postgres.go:31.16,33.3 1 1
github.com/go-park-mail-ru/2025_2_VKarmane/internal/repository/account/postgres.go:34.2,34.15 1 3
github.com/go-park-mail-ru/2025_2_VKarmane/internal/repository/account/postgres.go:34.15,36.3 1 3
github.com/go-park-mail-ru/2025_2_VKarmane/internal/repository/account/postgres.go:38.2,39.18 2 3
github.com/go-park-mail-ru/2025_2_VKarmane/internal/repository/account/postgres.go:39.18,49.17 3 3
github.com/go-park-mail-ru/2025_2_VKarmane/internal/repository/account/postgres.go:49.17,51.4 1 1
github.com/go-park-mail-ru/2025_2_VKarmane/internal/repository/account/postgres.go:52.3,52.57 1 2
github.com/go-park-mail-ru/2025_2_VKarmane/internal/repository/account/postgres.go:55.2,55.22 1 2
github.com/go-park-mail-ru/2025_2_VKarmane/internal/repository/account/postgres.go:58.97,74.16 4 0
github.com/go-park-mail-ru/2025_2_VKarmane/internal/repository/account/postgres.go:74.16,76.3 1 0
github.com/go-park-mail-ru/2025_2_VKarmane/internal/repository/account/postgres.go:78.2,78.16 1 0
github.com/go-park-mail-ru/2025_2_VKarmane/internal/repository/account/postgres.go:81.102,94.16 3 0
github.com/go-park-mail-ru/2025_2_VKarmane/internal/repository/account/postgres.go:94.16,96.3 1 0
github.com/go-park-mail-ru/2025_2_VKarmane/internal/repository/account/postgres.go:98.2,98.12 1 0
github.com/go-park-mail-ru/2025_2_VKarmane/internal/repository/account/postgres.go:101.113,109.16 3 0
github.com/go-park-mail-ru/2025_2_VKarmane/internal/repository/account/postgres.go:109.16,111.3 1 0
github.com/go-park-mail-ru/2025_2_VKarmane/internal/repository/account/postgres.go:113.2,113.12 1 0
github.com/go-park-mail-ru/2025_2_VKarmane/internal/repository/budget/budget.go:15.70,20.2 1 5
github.com/go-park-mail-ru/2025_2_VKarmane/internal/repository/budget/budget.go:22.97,25.30 2 6
github.com/go-park-mail-ru/2025_2_VKarmane/internal/repository/budget/budget.go:25.30,26.25 1 10
github.com/go-park-mail-ru/2025_2_VKarmane/internal/repository/budget/budget.go:26.25,28.4 1 4
github.com/go-park-mail-ru/2025_2_VKarmane/internal/repository/budget/budget.go:31.2,31.17 1 6
github.com/go-park-mail-ru/2025_2_VKarmane/internal/repository/budget/mapper.go:9.55,11.30 2 7
github.com/go-park-mail-ru/2025_2_VKarmane/internal/repository/budget/mapper.go:11.30,13.3 1 0
github.com/go-park-mail-ru/2025_2_VKarmane/internal/repository/budget/mapper.go:15.2,27.3 1 7
github.com/go-park-mail-ru/2025_2_VKarmane/internal/repository/budget/mapper.go:30.53,32.31 2 1
github.com/go-park-mail-ru/2025_2_VKarmane/internal/repository/budget/mapper.go:32.31,34.3 1 0
github.com/go-park-mail-ru/2025_2_VKarmane/internal/repository/budget/mapper.go:36.2,48.3 1 1
github.com/go-park-mail-ru/2025_2_VKarmane/internal/repository/budget/postgres.go:15.60,19.2 1 4
github.com/go-park-mail-ru/2025_2_VKarmane/internal/repository/budget/postgres.go:21.105,31.16 3 4
github.com/go-park-mail-ru/2025_2_VKarmane/internal/repository/budget/postgres.go:31.16,33.3 1 1
github.com/go-park-mail-ru/2025_2_VKarmane/internal/repository/budget/postgres.go:34.2,34.15 1 3
github.com/go-park-mail-ru/2025_2_VKarmane/internal/repository/budget/postgres.go:34.15,36.3 1 3
github.com/go-park-mail-ru/2025_2_VKarmane/internal/repository/budget/postgres.go:38.2,39.18 2 3
github.com/go-park-mail-ru/2025_2_VKarmane/internal/repository/budget/postgres.go:39.18,54.17 3 3
github.com/go-park-mail-ru/2025_2_VKarmane/internal/repository/budget/postgres.go:54.17,56.4 1 1
github.com/go-park-mail-ru/2025_2_VKarmane/internal/repository/budget/postgres.go:57.3,57.53 1 2
github.com/go-park-mail-ru/2025_2_VKarmane/internal/repository/budget/postgres.go:60.2,60.21 1 2
github.com/go-park-mail-ru/2025_2_VKarmane/internal/repository/budget/postgres.go:63.94,84.16 4 0
github.com/go-park-mail-ru/2025_2_VKarmane/internal/repository/budget/postgres.go:84.16,86.3 1 0
github.com/go-park-mail-ru/2025_2_VKarmane/internal/repository/budget/postgres.go:88.2,88.16 1 0
github.com/go-park-mail-ru/2025_2_VKarmane/internal/repository/budget/postgres.go:91.87,99.16 3 0
github.com/go-park-mail-ru/2025_2_VKarmane/internal/repository/budget/postgres.go:99.16,101.3 1 0
github.com/go-park-mail-ru/2025_2_VKarmane/internal/repository/budget/postgres.go:103.2,103.12 1 0
github.com/go-park-mail-ru/2025_2_VKarmane/internal/repository/budget/postgres.go:106.83,114.16 3 0
github.com/go-park-mail-ru/2025_2_VKarmane/internal/repository/budget/postgres.go:114.16,116.3 1 0
github.com/go-park-mail-ru/2025_2_VKarmane/internal/repository/budget/postgres.go:118.2,118.12 1 0
github.com/go-park-mail-ru/2025_2_VKarmane/internal/repository/category/mapper.go:8.67,10.35 2 1
github.com/go-park-mail-ru/2025_2_VKarmane/internal/repository/category/mapper.go:10.35,12.3 1 1
github.com/go-park-mail-ru/2025_2_VKarmane/internal/repository/category/mapper.go:14.2,22.3 1 1
github.com/go-park-mail-ru/2025_2_VKarmane/internal/repository/category/mapper.go:25.65,27.32 2 1
github.com/go-park-mail-ru/2025_2_VKarmane/internal/repository/category/mapper.go:27.32,29.3 1 1
github.com/go-park-mail-ru/2025_2_VKarmane/internal/repository/category/mapper.go:31.2,39.3 1 1
github.com/go-park-mail-ru/2025_2_VKarmane/internal/repository/category/postgres.go:16.60,20.2 1 16
github.com/go-park-mail-ru/2025_2_VKarmane/internal/repository/category/postgres.go:22.104,39.16 4 3
github.com/go-park-mail-ru/2025_2_VKarmane/internal/repository/category/postgres.go:39.16,41.3 1 1
github.com/go-park-mail-ru/2025_2_VKarmane/internal/repository/category/postgres.go:43.2,43.16 1 2
github.com/go-park-mail-ru/2025_2_VKarmane/internal/repository/category/postgres.go:46.109,55.16 3 3
github.com/go-park-mail-ru/2025_2_VKarmane/internal/repository/category/postgres.go:55.16,57.3 1 1
github.com/go-park-mail-ru/2025_2_VKarmane/internal/repository/category/postgres.go:58.2,58.15 1 2
github.com/go-park-mail-ru/2025_2_VKarmane/internal/repository/category/postgres.go:58.15,60.3 1 2
github.com/go-park-mail-ru/2025_2_VKarmane/internal/repository/category/postgres.go:62.2,63.18 2 2
github.com/go-park-mail-ru/2025_2_VKarmane/internal/repository/category/postgres.go:63.18,74.17 3 2
github.com/go-park-mail-ru/2025_2_VKarmane/internal/repository/category/postgres.go:74.17,76.4 1 0
github.com/go-park-mail-ru/2025_2_VKarmane/internal/repository/category/postgres.go:77.3,77.44 1 2
github.com/go-park-mail-ru/2025_2_VKarmane/internal/repository/category/postgres.go:80.2,80.24 1 2
github.com/go-park-mail-ru/2025_2_VKarmane/internal/repository/category/postgres.go:83.115,101.16 4 3
github.com/go-park-mail-ru/2025_2_VKarmane/internal/repository/category/postgres.go:101.16,102.27 1 2
github.com/go-park-mail-ru/2025_2_VKarmane/internal/repository/category/postgres.go:102.27,104.4 1 1
github.com/go-park-mail-ru/2025_2_VKarmane/internal/repository/category/postgres.go:105.3,105.79 1 1
github.com/go-park-mail-ru/2025_2_VKarmane/internal/repository/category/postgres.go:108.2,108.22 1 1
github.com/go-park-mail-ru/2025_2_VKarmane/internal/repository/category/postgres.go:111.97,127.16 3 2
github.com/go-park-mail-ru/2025_2_VKarmane/internal/repository/category/postgres.go:127.16,129.3 1 1
github.com/go-park-mail-ru/2025_2_VKarmane/internal/repository/category/postgres.go:131.2,131.12 1 1
github.com/go-park-mail-ru/2025_2_VKarmane/internal/repository/category/postgres.go:134.96,141.16 3 2
github.com/go-park-mail-ru/2025_2_VKarmane/internal/repository/category/postgres.go:141.16,143.3 1 1
github.com/go-park-mail-ru/2025_2_VKarmane/internal/repository/category/postgres.go:145.2,145.12 1 1
github.com/go-park-mail-ru/2025_2_VKarmane/internal/repository/category/postgres.go:148.105,161.16 4 3
github.com/go-park-mail-ru/2025_2_VKarmane/internal/repository/category/postgres.go:161.16,163.3 1 1
github.com/go-park-mail-ru/2025_2_VKarmane/internal/repository/category/postgres.go:165.2,165.19 1 2
github.com/go-park-mail-ru/2025_2_VKarmane/internal/repository/operation/mapper.go:7.67,9.38 2 14
github.com/go-park-mail-ru/2025_2_VKarmane/internal/repository/operation/mapper.go:9.38,11.3 1 12
github.com/go-park-mail-ru/2025_2_VKarmane/internal/repository/operation/mapper.go:11.8,11.43 1 2
github.com/go-park-mail-ru/2025_2_VKarmane/internal/repository/operation/mapper.go:11.43,13.3 1 2
github.com/go-park-mail-ru/2025_2_VKarmane/internal/repository/operation/mapper.go:15.2,16.35 2 14
github.com/go-park-mail-ru/2025_2_VKarmane/internal/repository/operation/mapper.go:16.35,18.3 1 6
github.com/go-park-mail-ru/2025_2_VKarmane/internal/repository/operation/mapper.go:20.2,21.35 2 14
github.com/go-park-mail-ru/2025_2_VKarmane/internal/repository/operation/mapper.go:21.35,23.3 1 5
github.com/go-park-mail-ru/2025_2_VKarmane/internal/repository/operation/mapper.go:25.2,39.3 1 14
github.com/go-park-mail-ru/2025_2_VKarmane/internal/repository/operation/mapper.go:42.65,59.2 1 0
github.com/go-park-mail-ru/2025_2_VKarmane/internal/repository/operation/operation.go:16.76,21.2 1 15
github.com/go-park-mail-ru/2025_2_VKarmane/internal/repository/operation/operation.go:23.109,26.33 2 4
github.com/go-park-mail-ru/2025_2_VKarmane/internal/repository/operation/operation.go:26.33,29.41 1 8
github.com/go-park-mail-ru/2025_2_VKarmane/internal/repository/operation/operation.go:29.41,31.4 1 5
github.com/go-park-mail-ru/2025_2_VKarmane/internal/repository/operation/operation.go:34.2,34.17 1 4
github.com/go-park-mail-ru/2025_2_VKarmane/internal/repository/operation/operation.go:37.111,38.33 1 4
github.com/go-park-mail-ru/2025_2_VKarmane/internal/repository/operation/operation.go:38.33,41.57 1 4
github.com/go-park-mail-ru/2025_2_VKarmane/internal/repository/operation/operation.go:41.57,43.4 1 1
github.com/go-park-mail-ru/2025_2_VKarmane/internal/repository/operation/operation.go:46.2,46.32 1 3
github.com/go-park-mail-ru/2025_2_VKarmane/internal/repository/operation/operation.go:49.106,67.2 3 2
github.com/go-park-mail-ru/2025_2_VKarmane/internal/repository/operation/operation.go:69.137,70.30 1 3
github.com/go-park-mail-ru/2025_2_VKarmane/internal/repository/operation/operation.go:70.30,74.18 2 3
github.com/go-park-mail-ru/2025_2_VKarmane/internal/repository/operation/operation.go:74.18,76.29 1 2
github.com/go-park-mail-ru/2025_2_VKarmane/internal/repository/operation/operation.go:76.29,78.5 1 1
github.com/go-park-mail-ru/2025_2_VKarmane/internal/repository/operation/operation.go:79.4,79.22 1 2
github.com/go-park-mail-ru/2025_2_VKarmane/internal/repository/operation/operation.go:79.22,81.5 1 2
github.com/go-park-mail-ru/2025_2_VKarmane/internal/repository/operation/operation.go:82.4,82.23 1 2
github.com/go-park-mail-ru/2025_2_VKarmane/internal/repository/operation/operation.go:82.23,84.5 1 2
github.com/go-park-mail-ru/2025_2_VKarmane/internal/repository/operation/operation.go:85.4,85.30 1 2
github.com/go-park-mail-ru/2025_2_VKarmane/internal/repository/operation/operation.go:85.30,87.5 1 1
github.com/go-park-mail-ru/2025_2_VKarmane/internal/repository/operation/operation.go:88.4,88.29 1 2
github.com/go-park-mail-ru/2025_2_VKarmane/internal/repository/operation/operation.go:88.29,90.5 1 1
github.com/go-park-mail-ru/2025_2_VKarmane/internal/repository/operation/operation.go:92.4,92.39 1 2
github.com/go-park-mail-ru/2025_2_VKarmane/internal/repository/operation/operation.go:95.2,95.32 1 1
github.com/go-park-mail-ru/2025_2_VKarmane/internal/repository/operation/operation.go:98.106,99.30 1 2
github.com/go-park-mail-ru/2025_2_VKarmane/internal/repository/operation/operation.go:99.30,102.31 1 2
github.com/go-park-mail-ru/2025_2_VKarmane/internal/repository/operation/operation.go:102.31,105.4 2 1
github.com/go-park-mail-ru/2025_2_VKarmane/internal/repository/operation/operation.go:107.2,107.32 1 1
github.com/go-park-mail-ru/2025_2_VKarmane/internal/repository/operation/postgres.go:16.60,20.2 1 5
github.com/go-park-mail-ru/2025_2_VKarmane/internal/repository/operation/postgres.go:22.117,35.16 3 3
github.com/go-park-mail-ru/2025_2_VKarmane/internal/repository/operation/postgres.go:35.16,37.3 1 1
github.com/go-park-mail-ru/2025_2_VKarmane/internal/repository/operation/postgres.go:38.2,38.15 1 2
github.com/go-park-mail-ru/2025_2_VKarmane/internal/repository/operation/postgres.go:38.15,40.3 1 2
github.com/go-park-mail-ru/2025_2_VKarmane/internal/repository/operation/postgres.go:42.2,43.18 2 2
github.com/go-park-mail-ru/2025_2_VKarmane/internal/repository/operation/postgres.go:43.18,61.17 3 2
github.com/go-park-mail-ru/2025_2_VKarmane/internal/repository/operation/postgres.go:61.17,63.4 1 0
github.com/go-park-mail-ru/2025_2_VKarmane/internal/repository/operation/postgres.go:64.3,64.65 1 2
github.com/go-park-mail-ru/2025_2_VKarmane/internal/repository/operation/postgres.go:67.2,67.24 1 2
github.com/go-park-mail-ru/2025_2_VKarmane/internal/repository/operation/postgres.go:70.115,99.16 4 2
github.com/go-park-mail-ru/2025_2_VKarmane/internal/repository/operation/postgres.go:99.16,100.27 1 1
github.com/go-park-mail-ru/2025_2_VKarmane/internal/repository/operation/postgres.go:100.27,102.4 1 1
github.com/go-park-mail-ru/2025_2_VKarmane/internal/repository/operation/postgres.go:103.3,103.82 1 0
github.com/go-park-mail-ru/2025_2_VKarmane/internal/repository/operation/postgres.go:106.2,106.43 1 1
github.com/go-park-mail-ru/2025_2_VKarmane/internal/repository/operation/postgres.go:109.114,119.23 3 0
github.com/go-park-mail-ru/2025_2_VKarmane/internal/repository/operation/postgres.go:119.23,121.3 1 0
github.com/go-park-mail-ru/2025_2_VKarmane/internal/repository/operation/postgres.go:121.8,123.3 1 0
github.com/go-park-mail-ru/2025_2_VKarmane/internal/repository/operation/postgres.go:125.2,126.23 2 0
github.com/go-park-mail-ru/2025_2_VKarmane/internal/repository/operation/postgres.go:126.23,128.3 1 0
github.com/go-park-mail-ru/2025_2_VKarmane/internal/repository/operation/postgres.go:128.8,130.3 1 0
github.com/go-park-mail-ru/2025_2_VKarmane/internal/repository/operation/postgres.go:132.2,148.16 3 0
github.com/go-park-mail-ru/2025_2_VKarmane/internal/repository/operation/postgres.go:148.16,150.3 1 0
github.com/go-park-mail-ru/2025_2_VKarmane/internal/repository/operation/postgres.go:152.2,154.23 2 0
github.com/go-park-mail-ru/2025_2_VKarmane/internal/repository/operation/postgres.go:154.23,157.17 3 0
github.com/go-park-mail-ru/2025_2_VKarmane/internal/repository/operation/postgres.go:157.17,159.4 1 0
github.com/go-park-mail-ru/2025_2_VKarmane/internal/repository/operation/postgres.go:159.9,161.4 1 0
github.com/go-park-mail-ru/2025_2_VKarmane/internal/repository/operation/postgres.go:162.8,164.3 1 0
github.com/go-park-mail-ru/2025_2_VKarmane/internal/repository/operation/postgres.go:166.2,166.16 1 0
github.com/go-park-mail-ru/2025_2_VKarmane/internal/repository/operation/postgres.go:169.149,195.27 3 0
github.com/go-park-mail-ru/2025_2_VKarmane/internal/repository/operation/postgres.go:195.27,196.26 1 0
github.com/go-park-mail-ru/2025_2_VKarmane/internal/repository/operation/postgres.go:196.26,198.4 1 0
github.com/go-park-mail-ru/2025_2_VKarmane/internal/repository/operation/postgres.go:198.9,200.4 1 0
github.com/go-park-mail-ru/2025_2_VKarmane/internal/repository/operation/postgres.go:203.2,204.21 2 0
github.com/go-park-mail-ru/2025_2_VKarmane/internal/repository/operation/postgres.go:204.21,206.3 1 0
github.com/go-park-mail-ru/2025_2_VKarmane/internal/repository/operation/postgres.go:208.2,209.28 2 0
github.com/go-park-mail-ru/2025_2_VKarmane/internal/repository/operation/postgres.go:209.28,211.3 1 0
github.com/go-park-mail-ru/2025_2_VKarmane/internal/repository/operation/postgres.go:213.2,214.20 2 0
github.com/go-park-mail-ru/2025_2_VKarmane/internal/repository/operation/postgres.go:214.20,216.3 1 0
github.com/go-park-mail-ru/2025_2_VKarmane/internal/repository/operation/postgres.go:218.2,243.16 3 0
github.com/go-park-mail-ru/2025_2_VKarmane/internal/repository/operation/postgres.go:243.16,245.3 1 0
github.com/go-park-mail-ru/2025_2_VKarmane/internal/repository/operation/postgres.go:247.2,247.43 1 0
github.com/go-park-mail-ru/2025_2_VKarmane/internal/repository/operation/postgres.go:250.114,286.16 4 0
github.com/go-park-mail-ru/2025_2_VKarmane/internal/repository/operation/postgres.go:286.16,288.3 1 0
github.com/go-park-mail-ru/2025_2_VKarmane/internal/repository/operation/postgres.go:290.2,290.43 1 0
github.com/go-park-mail-ru/2025_2_VKarmane/internal/repository/operation/postgres.go:293.111,307.16 3 0
github.com/go-park-mail-ru/2025_2_VKarmane/internal/repository/operation/postgres.go:307.16,309.3 1 0
github.com/go-park-mail-ru/2025_2_VKarmane/internal/repository/operation/postgres.go:310.2,310.15 1 0
github.com/go-park-mail-ru/2025_2_VKarmane/internal/repository/operation/postgres.go:310.15,312.3 1 0
github.com/go-park-mail-ru/2025_2_VKarmane/internal/repository/operation/postgres.go:314.2,315.18 2 0
github.com/go-park-mail-ru/2025_2_VKarmane/internal/repository/operation/postgres.go:315.18,333.17 3 0
github.com/go-park-mail-ru/2025_2_VKarmane/internal/repository/operation/postgres.go:333.17,335.4 1 0
github.com/go-park-mail-ru/2025_2_VKarmane/internal/repository/operation/postgres.go:336.3,336.65 1 0
github.com/go-park-mail-ru/2025_2_VKarmane/internal/repository/operation/postgres.go:339.2,339.24 1 0
github.com/go-park-mail-ru/2025_2_VKarmane/internal/repository/user/postgres.go:17.60,21.2 1 10
github.com/go-park-mail-ru/2025_2_VKarmane/internal/repository/user/postgres.go:23.92,43.16 4 2
github.com/go-park-mail-ru/2025_2_VKarmane/internal/repository/user/postgres.go:43.16,45.3 1 1
github.com/go-park-mail-ru/2025_2_VKarmane/internal/repository/user/postgres.go:47.2,47.16 1 1
github.com/go-park-mail-ru/2025_2_VKarmane/internal/repository/user/postgres.go:50.100,71.16 4 2
github.com/go-park-mail-ru/2025_2_VKarmane/internal/repository/user/postgres.go:71.16,73.3 1 1
github.com/go-park-mail-ru/2025_2_VKarmane/internal/repository/user/postgres.go:75.2,75.18 1 1
github.com/go-park-mail-ru/2025_2_VKarmane/internal/repository/user/postgres.go:78.100,99.16 4 2
github.com/go-park-mail-ru/2025_2_VKarmane/internal/repository/user/postgres.go:99.16,101.3 1 1
github.com/go-park-mail-ru/2025_2_VKarmane/internal/repository/user/postgres.go:103.2,103.18 1 1
github.com/go-park-mail-ru/2025_2_VKarmane/internal/repository/user/postgres.go:106.91,127.16 4 2
github.com/go-park-mail-ru/2025_2_VKarmane/internal/repository/user/postgres.go:127.16,129.3 1 1
github.com/go-park-mail-ru/2025_2_VKarmane/internal/repository/user/postgres.go:131.2,131.18 1 1
github.com/go-park-mail-ru/2025_2_VKarmane/internal/repository/user/postgres.go:134.85,150.16 3 2
github.com/go-park-mail-ru/2025_2_VKarmane/internal/repository/user/postgres.go:150.16,152.3 1 1
github.com/go-park-mail-ru/2025_2_VKarmane/internal/repository/user/postgres.go:154.2,154.12 1 1
github.com/go-park-mail-ru/2025_2_VKarmane/internal/repository/user/postgres.go:157.106,171.16 3 0
github.com/go-park-mail-ru/2025_2_VKarmane/internal/repository/user/postgres.go:171.16,173.3 1 0
github.com/go-park-mail-ru/2025_2_VKarmane/internal/repository/user/postgres.go:175.2,176.18 2 0
github.com/go-park-mail-ru/2025_2_VKarmane/internal/repository/user/postgres.go:179.106,181.16 2 0
github.com/go-park-mail-ru/2025_2_VKarmane/internal/repository/user/postgres.go:181.16,183.3 1 0
github.com/go-park-mail-ru/2025_2_VKarmane/internal/repository/user/postgres.go:185.2,185.32 1 0
github.com/go-park-mail-ru/2025_2_VKarmane/internal/repository/user/postgres.go:188.97,190.16 2 0
github.com/go-park-mail-ru/2025_2_VKarmane/internal/repository/user/postgres.go:190.16,192.3 1 0
github.com/go-park-mail-ru/2025_2_VKarmane/internal/repository/user/postgres.go:194.2,194.32 1 0
github.com/go-park-mail-ru/2025_2_VKarmane/internal/repository/user/postgres.go:197.91,212.16 3 0
github.com/go-park-mail-ru/2025_2_VKarmane/internal/repository/user/postgres.go:212.16,214.3 1 0
github.com/go-park-mail-ru/2025_2_VKarmane/internal/repository/user/postgres.go:216.2,216.12 1 0
github.com/go-park-mail-ru/2025_2_VKarmane/internal/repository/user/postgres.go:219.135,221.16 2 0
github.com/go-park-mail-ru/2025_2_VKarmane/internal/repository/user/postgres.go:221.16,223.3 1 0
github.com/go-park-mail-ru/2025_2_VKarmane/internal/repository/user/postgres.go:225.2,228.28 4 0
github.com/go-park-mail-ru/2025_2_VKarmane/internal/repository/user/postgres.go:228.28,230.3 1 0
github.com/go-park-mail-ru/2025_2_VKarmane/internal/repository/user/postgres.go:231.2,234.16 3 0
github.com/go-park-mail-ru/2025_2_VKarmane/internal/repository/user/postgres.go:234.16,236.3 1 0
github.com/go-park-mail-ru/2025_2_VKarmane/internal/repository/user/postgres.go:238.2,238.32 1 0
github.com/go-park-mail-ru/2025_2_VKarmane/internal/repository/user/postgres.go:241.48,254.2 1 0
github.com/go-park-mail-ru/2025_2_VKarmane/internal/repository/user/user.go:23.70,25.2 1 15
github.com/go-park-mail-ru/2025_2_VKarmane/internal/repository/user/user.go:27.93,29.28 2 4
github.com/go-park-mail-ru/2025_2_VKarmane/internal/repository/user/user.go:29.28,30.28 1 3
github.com/go-park-mail-ru/2025_2_VKarmane/internal/repository/user/user.go:30.28,33.4 2 1
github.com/go-park-mail-ru/2025_2_VKarmane/internal/repository/user/user.go:34.3,34.28 1 2
github.com/go-park-mail-ru/2025_2_VKarmane/internal/repository/user/user.go:34.28,37.4 2 1
github.com/go-park-mail-ru/2025_2_VKarmane/internal/repository/user/user.go:40.2,41.28 2 2
github.com/go-park-mail-ru/2025_2_VKarmane/internal/repository/user/user.go:41.28,42.20 1 1
github.com/go-park-mail-ru/2025_2_VKarmane/internal/repository/user/user.go:42.20,44.4 1 1
github.com/go-park-mail-ru/2025_2_VKarmane/internal/repository/user/user.go:47.2,70.8 4 2
github.com/go-park-mail-ru/2025_2_VKarmane/internal/repository/user/user.go:73.93,75.28 2 3
github.com/go-park-mail-ru/2025_2_VKarmane/internal/repository/user/user.go:75.28,76.23 1 2
github.com/go-park-mail-ru/2025_2_VKarmane/internal/repository/user/user.go:76.23,87.4 1 1
github.com/go-park-mail-ru/2025_2_VKarmane/internal/repository/user/user.go:90.2,91.39 2 2
github.com/go-park-mail-ru/2025_2_VKarmane/internal/repository/user/user.go:94.84,96.28 2 3
github.com/go-park-mail-ru/2025_2_VKarmane/internal/repository/user/user.go:96.28,97.17 1 2
github.com/go-park-mail-ru/2025_2_VKarmane/internal/repository/user/user.go:97.17,108.4 1 1
github.com/go-park-mail-ru/2025_2_VKarmane/internal/repository/user/user.go:110.2,111.39 2 2
github.com/go-park-mail-ru/2025_2_VKarmane/internal/repository/user/user.go:114.49,116.2 1 1
github.com/go-park-mail-ru/2025_2_VKarmane/internal/repository/user/user.go:118.118,121.25 3 4
github.com/go-park-mail-ru/2025_2_VKarmane/internal/repository/user/user.go:121.25,122.59 1 4
github.com/go-park-mail-ru/2025_2_VKarmane/internal/repository/user/user.go:122.59,125.4 2 1
github.com/go-park-mail-ru/2025_2_VKarmane/internal/repository/user/user.go:126.3,126.26 1 3
github.com/go-park-mail-ru/2025_2_VKarmane/internal/repository/user/user.go:126.26,140.4 4 2
github.com/go-park-mail-ru/2025_2_VKarmane/internal/repository/user/user.go:143.2,144.39 2 1
github.com/go-park-mail-ru/2025_2_VKarmane/internal/service/auth/auth.go:33.49,39.2 1 10
github.com/go-park-mail-ru/2025_2_VKarmane/internal/service/auth/auth.go:41.106,44.16 3 2
github.com/go-park-mail-ru/2025_2_VKarmane/internal/service/auth/auth.go:44.16,47.3 2 0
github.com/go-park-mail-ru/2025_2_VKarmane/internal/service/auth/auth.go:49.2,58.16 3 2
github.com/go-park-mail-ru/2025_2_VKarmane/internal/service/auth/auth.go:58.16,61.3 2 1
github.com/go-park-mail-ru/2025_2_VKarmane/internal/service/auth/auth.go:63.2,64.16 2 1
github.com/go-park-mail-ru/2025_2_VKarmane/internal/service/auth/auth.go:64.16,66.3 1 0
github.com/go-park-mail-ru/2025_2_VKarmane/internal/service/auth/auth.go:68.2,71.8 1 1
github.com/go-park-mail-ru/2025_2_VKarmane/internal/service/auth/auth.go:74.100,77.16 3 4
github.com/go-park-mail-ru/2025_2_VKarmane/internal/service/auth/auth.go:77.16,80.3 2 1
github.com/go-park-mail-ru/2025_2_VKarmane/internal/service/auth/auth.go:82.2,83.16 2 3
github.com/go-park-mail-ru/2025_2_VKarmane/internal/service/auth/auth.go:83.16,86.3 2 1
github.com/go-park-mail-ru/2025_2_VKarmane/internal/service/auth/auth.go:88.2,88.12 1 2
github.com/go-park-mail-ru/2025_2_VKarmane/internal/service/auth/auth.go:88.12,91.3 2 1
github.com/go-park-mail-ru/2025_2_VKarmane/internal/service/auth/auth.go:93.2,94.16 2 1
github.com/go-park-mail-ru/2025_2_VKarmane/internal/service/auth/auth.go:94.16,97.3 2 0
github.com/go-park-mail-ru/2025_2_VKarmane/internal/service/auth/auth.go:99.2,104.8 2 1
github.com/go-park-mail-ru/2025_2_VKarmane/internal/service/auth/auth.go:107.85,110.16 3 2
github.com/go-park-mail-ru/2025_2_VKarmane/internal/service/auth/auth.go:110.16,113.3 2 1
github.com/go-park-mail-ru/2025_2_VKarmane/internal/service/auth/auth.go:115.2,115.18 1 1
github.com/go-park-mail-ru/2025_2_VKarmane/internal/service/auth/auth.go:118.119,121.16 3 2
github.com/go-park-mail-ru/2025_2_VKarmane/internal/service/auth/auth.go:121.16,124.3 2 1
github.com/go-park-mail-ru/2025_2_VKarmane/internal/service/auth/auth.go:126.2,126.18 1 1
github.com/go-park-mail-ru/2025_2_VKarmane/internal/service/balance/balance.go:22.31,24.2 1 7
github.com/go-park-mail-ru/2025_2_VKarmane/internal/service/balance/balance.go:26.96,28.16 2 5
github.com/go-park-mail-ru/2025_2_VKarmane/internal/service/balance/balance.go:28.16,30.3 1 0
github.com/go-park-mail-ru/2025_2_VKarmane/internal/service/balance/balance.go:32.2,32.22 1 5
github.com/go-park-mail-ru/2025_2_VKarmane/internal/service/balance/balance.go:35.102,37.16 2 2
github.com/go-park-mail-ru/2025_2_VKarmane/internal/service/balance/balance.go:37.16,39.3 1 0
github.com/go-park-mail-ru/2025_2_VKarmane/internal/service/balance/balance.go:41.2,41.35 1 2
github.com/go-park-mail-ru/2025_2_VKarmane/internal/service/balance/balance.go:41.35,42.30 1 2
github.com/go-park-mail-ru/2025_2_VKarmane/internal/service/balance/balance.go:42.30,44.4 1 1
github.com/go-park-mail-ru/2025_2_VKarmane/internal/service/balance/balance.go:47.2,47.93 1 1
github.com/go-park-mail-ru/2025_2_VKarmane/internal/service/budget/budget.go:26.31,31.2 1 7
github.com/go-park-mail-ru/2025_2_VKarmane/internal/service/budget/budget.go:33.95,35.16 2 7
github.com/go-park-mail-ru/2025_2_VKarmane/internal/service/budget/budget.go:35.16,37.3 1 0
github.com/go-park-mail-ru/2025_2_VKarmane/internal/service/budget/budget.go:38.2,39.16 2 7
github.com/go-park-mail-ru/2025_2_VKarmane/internal/service/budget/budget.go:39.16,41.3 1 0
github.com/go-park-mail-ru/2025_2_VKarmane/internal/service/budget/budget.go:43.2,43.25 1 7
github.com/go-park-mail-ru/2025_2_VKarmane/internal/service/budget/budget.go:43.25,45.36 2 6
github.com/go-park-mail-ru/2025_2_VKarmane/internal/service/budget/budget.go:45.36,47.18 2 7
github.com/go-park-mail-ru/2025_2_VKarmane/internal/service/budget/budget.go:47.18,49.5 1 0
github.com/go-park-mail-ru/2025_2_VKarmane/internal/service/budget/budget.go:50.4,50.27 1 7
github.com/go-park-mail-ru/2025_2_VKarmane/internal/service/budget/budget.go:50.27,51.47 1 11
github.com/go-park-mail-ru/2025_2_VKarmane/internal/service/budget/budget.go:51.47,52.14 1 1
github.com/go-park-mail-ru/2025_2_VKarmane/internal/service/budget/budget.go:54.5,54.96 1 10
github.com/go-park-mail-ru/2025_2_VKarmane/internal/service/budget/budget.go:54.96,55.14 1 2
github.com/go-park-mail-ru/2025_2_VKarmane/internal/service/budget/budget.go:58.5,58.29 1 8
github.com/go-park-mail-ru/2025_2_VKarmane/internal/service/budget/budget.go:58.29,60.6 1 6
github.com/go-park-mail-ru/2025_2_VKarmane/internal/service/budget/budget.go:63.3,63.29 1 6
github.com/go-park-mail-ru/2025_2_VKarmane/internal/service/budget/budget.go:66.2,66.21 1 7
github.com/go-park-mail-ru/2025_2_VKarmane/internal/service/budget/budget.go:69.99,71.16 2 0
github.com/go-park-mail-ru/2025_2_VKarmane/internal/service/budget/budget.go:71.16,73.3 1 0
github.com/go-park-mail-ru/2025_2_VKarmane/internal/service/budget/budget.go:75.2,75.33 1 0
github.com/go-park-mail-ru/2025_2_VKarmane/internal/service/budget/budget.go:75.33,76.28 1 0
github.com/go-park-mail-ru/2025_2_VKarmane/internal/service/budget/budget.go:76.28,78.4 1 0
github.com/go-park-mail-ru/2025_2_VKarmane/internal/service/budget/budget.go:81.2,81.90 1 0
github.com/go-park-mail-ru/2025_2_VKarmane/internal/service/category/category.go:28.13,32.2 1 6
github.com/go-park-mail-ru/2025_2_VKarmane/internal/service/category/category.go:34.126,36.24 2 1
github.com/go-park-mail-ru/2025_2_VKarmane/internal/service/category/category.go:36.24,38.3 1 1
github.com/go-park-mail-ru/2025_2_VKarmane/internal/service/category/category.go:40.2,48.16 3 1
github.com/go-park-mail-ru/2025_2_VKarmane/internal/service/category/category.go:48.16,50.3 1 0
github.com/go-park-mail-ru/2025_2_VKarmane/internal/service/category/category.go:52.2,52.29 1 1
github.com/go-park-mail-ru/2025_2_VKarmane/internal/service/category/category.go:55.108,57.16 2 2
github.com/go-park-mail-ru/2025_2_VKarmane/internal/service/category/category.go:57.16,59.3 1 1
github.com/go-park-mail-ru/2025_2_VKarmane/internal/service/category/category.go:61.2,62.38 2 1
github.com/go-park-mail-ru/2025_2_VKarmane/internal/service/category/category.go:62.38,64.17 2 1
github.com/go-park-mail-ru/2025_2_VKarmane/internal/service/category/category.go:64.17,66.4 1 0
github.com/go-park-mail-ru/2025_2_VKarmane/internal/service/category/category.go:68.3,71.5 1 1
github.com/go-park-mail-ru/2025_2_VKarmane/internal/service/category/category.go:74.2,74.33 1 1
github.com/go-park-mail-ru/2025_2_VKarmane/internal/service/category/category.go:77.114,79.16 2 1
github.com/go-park-mail-ru/2025_2_VKarmane/internal/service/category/category.go:79.16,81.3 1 0
github.com/go-park-mail-ru/2025_2_VKarmane/internal/service/category/category.go:83.2,84.16 2 1
github.com/go-park-mail-ru/2025_2_VKarmane/internal/service/category/category.go:84.16,86.3 1 0
github.com/go-park-mail-ru/2025_2_VKarmane/internal/service/category/category.go:88.2,91.8 1 1
github.com/go-park-mail-ru/2025_2_VKarmane/internal/service/category/category.go:94.138,96.16 2 1
github.com/go-park-mail-ru/2025_2_VKarmane/internal/service/category/category.go:96.16,98.3 1 0
github.com/go-park-mail-ru/2025_2_VKarmane/internal/service/category/category.go:100.2,100.21 1 1
github.com/go-park-mail-ru/2025_2_VKarmane/internal/service/category/category.go:100.21,102.3 1 1
github.com/go-park-mail-ru/2025_2_VKarmane/internal/service/category/category.go:103.2,103.28 1 1
github.com/go-park-mail-ru/2025_2_VKarmane/internal/service/category/category.go:103.28,105.3 1 0
github.com/go-park-mail-ru/2025_2_VKarmane/internal/service/category/category.go:106.2,106.29 1 1
github.com/go-park-mail-ru/2025_2_VKarmane/internal/service/category/category.go:106.29,108.3 1 0
github.com/go-park-mail-ru/2025_2_VKarmane/internal/service/category/category.go:110.2,111.16 2 1
github.com/go-park-mail-ru/2025_2_VKarmane/internal/service/category/category.go:111.16,113.3 1 0
github.com/go-park-mail-ru/2025_2_VKarmane/internal/service/category/category.go:115.2,115.30 1 1
github.com/go-park-mail-ru/2025_2_VKarmane/internal/service/category/category.go:118.85,120.16 2 1
github.com/go-park-mail-ru/2025_2_VKarmane/internal/service/category/category.go:120.16,122.3 1 0
github.com/go-park-mail-ru/2025_2_VKarmane/internal/service/category/category.go:124.2,124.12 1 1
github.com/go-park-mail-ru/2025_2_VKarmane/internal/service/image/image.go:17.54,21.2 1 3
github.com/go-park-mail-ru/2025_2_VKarmane/internal/service/image/image.go:23.135,25.16 2 1
github.com/go-park-mail-ru/2025_2_VKarmane/internal/service/image/image.go:25.16,27.3 1 0
github.com/go-park-mail-ru/2025_2_VKarmane/internal/service/image/image.go:29.2,34.16 5 1
github.com/go-park-mail-ru/2025_2_VKarmane/internal/service/image/image.go:34.16,36.3 1 0
github.com/go-park-mail-ru/2025_2_VKarmane/internal/service/image/image.go:38.2,38.21 1 1
github.com/go-park-mail-ru/2025_2_VKarmane/internal/service/image/image.go:41.84,44.16 3 1
github.com/go-park-mail-ru/2025_2_VKarmane/internal/service/image/image.go:44.16,46.3 1 0
github.com/go-park-mail-ru/2025_2_VKarmane/internal/service/image/image.go:48.2,48.17 1 1
github.com/go-park-mail-ru/2025_2_VKarmane/internal/service/image/image.go:51.74,54.16 3 1
github.com/go-park-mail-ru/2025_2_VKarmane/internal/service/image/image.go:54.16,56.3 1 0
github.com/go-park-mail-ru/2025_2_VKarmane/internal/service/image/image.go:58.2,58.12 1 1
github.com/go-park-mail-ru/2025_2_VKarmane/internal/service/image/image.go:61.82,64.16 3 0
github.com/go-park-mail-ru/2025_2_VKarmane/internal/service/image/image.go:64.16,66.3 1 0
github.com/go-park-mail-ru/2025_2_VKarmane/internal/service/image/image.go:68.2,68.20 1 0
github.com/go-park-mail-ru/2025_2_VKarmane/internal/service/operation/operation.go:36.31,41.2 1 8
github.com/go-park-mail-ru/2025_2_VKarmane/internal/service/operation/operation.go:43.78,46.16 3 8
github.com/go-park-mail-ru/2025_2_VKarmane/internal/service/operation/operation.go:46.16,48.3 1 0
github.com/go-park-mail-ru/2025_2_VKarmane/internal/service/operation/operation.go:49.2,49.19 1 8
github.com/go-park-mail-ru/2025_2_VKarmane/internal/service/operation/operation.go:49.19,50.28 1 8
github.com/go-park-mail-ru/2025_2_VKarmane/internal/service/operation/operation.go:50.28,51.23 1 9
github.com/go-park-mail-ru/2025_2_VKarmane/internal/service/operation/operation.go:51.23,53.5 1 7
github.com/go-park-mail-ru/2025_2_VKarmane/internal/service/operation/operation.go:56.2,56.14 1 1
github.com/go-park-mail-ru/2025_2_VKarmane/internal/service/operation/operation.go:59.100,60.42 1 2
github.com/go-park-mail-ru/2025_2_VKarmane/internal/service/operation/operation.go:60.42,62.3 1 0
github.com/go-park-mail-ru/2025_2_VKarmane/internal/service/operation/operation.go:63.2,64.16 2 2
github.com/go-park-mail-ru/2025_2_VKarmane/internal/service/operation/operation.go:64.16,66.3 1 1
github.com/go-park-mail-ru/2025_2_VKarmane/internal/service/operation/operation.go:67.2,67.17 1 1
github.com/go-park-mail-ru/2025_2_VKarmane/internal/service/operation/operation.go:70.104,71.42 1 1
github.com/go-park-mail-ru/2025_2_VKarmane/internal/service/operation/operation.go:71.42,73.3 1 0
github.com/go-park-mail-ru/2025_2_VKarmane/internal/service/operation/operation.go:74.2,75.16 2 1
github.com/go-park-mail-ru/2025_2_VKarmane/internal/service/operation/operation.go:75.16,77.3 1 0
github.com/go-park-mail-ru/2025_2_VKarmane/internal/service/operation/operation.go:78.2,78.16 1 1
github.com/go-park-mail-ru/2025_2_VKarmane/internal/service/operation/operation.go:81.128,82.42 1 1
github.com/go-park-mail-ru/2025_2_VKarmane/internal/service/operation/operation.go:82.42,84.3 1 0
github.com/go-park-mail-ru/2025_2_VKarmane/internal/service/operation/operation.go:86.2,87.27 2 1
github.com/go-park-mail-ru/2025_2_VKarmane/internal/service/operation/operation.go:87.27,89.3 1 0
github.com/go-park-mail-ru/2025_2_VKarmane/internal/service/operation/operation.go:91.2,92.21 2 1
github.com/go-park-mail-ru/2025_2_VKarmane/internal/service/operation/operation.go:92.21,94.3 1 0
github.com/go-park-mail-ru/2025_2_VKarmane/internal/service/operation/operation.go:96.2,111.16 3 1
github.com/go-park-mail-ru/2025_2_VKarmane/internal/service/operation/operation.go:111.16,113.3 1 0
github.com/go-park-mail-ru/2025_2_VKarmane/internal/service/operation/operation.go:115.2,115.23 1 1
github.com/go-park-mail-ru/2025_2_VKarmane/internal/service/operation/operation.go:118.138,119.42 1 1
github.com/go-park-mail-ru/2025_2_VKarmane/internal/service/operation/operation.go:119.42,121.3 1 0
github.com/go-park-mail-ru/2025_2_VKarmane/internal/service/operation/operation.go:123.2,124.16 2 1
github.com/go-park-mail-ru/2025_2_VKarmane/internal/service/operation/operation.go:124.16,126.3 1 0
github.com/go-park-mail-ru/2025_2_VKarmane/internal/service/operation/operation.go:128.2,128.23 1 1
github.com/go-park-mail-ru/2025_2_VKarmane/internal/service/operation/operation.go:131.103,132.42 1 1
github.com/go-park-mail-ru/2025_2_VKarmane/internal/service/operation/operation.go:132.42,134.3 1 0
github.com/go-park-mail-ru/2025_2_VKarmane/internal/service/operation/operation.go:136.2,137.16 2 1
github.com/go-park-mail-ru/2025_2_VKarmane/internal/service/operation/operation.go:137.16,139.3 1 0
github.com/go-park-mail-ru/2025_2_VKarmane/internal/service/operation/operation.go:141.2,141.23 1 1
github.com/go-park-mail-ru/2025_2_VKarmane/internal/service/profile/profile.go:21.13,25.2 1 3
github.com/go-park-mail-ru/2025_2_VKarmane/internal/service/profile/profile.go:27.95,29.16 2 2
github.com/go-park-mail-ru/2025_2_VKarmane/internal/service/profile/profile.go:29.16,31.3 1 1
github.com/go-park-mail-ru/2025_2_VKarmane/internal/service/profile/profile.go:33.2,40.8 1 1
github.com/go-park-mail-ru/2025_2_VKarmane/internal/service/profile/profile.go:43.131,45.16 2 1
github.com/go-park-mail-ru/2025_2_VKarmane/internal/service/profile/profile.go:45.16,47.3 1 0
github.com/go-park-mail-ru/2025_2_VKarmane/internal/service/profile/profile.go:49.2,52.28 4 1
github.com/go-park-mail-ru/2025_2_VKarmane/internal/service/profile/profile.go:52.28,54.3 1 0
github.com/go-park-mail-ru/2025_2_VKarmane/internal/service/profile/profile.go:55.2,58.16 3 1
github.com/go-park-mail-ru/2025_2_VKarmane/internal/service/profile/profile.go:58.16,60.3 1 0
github.com/go-park-mail-ru/2025_2_VKarmane/internal/service/profile/profile.go:62.2,69.8 1 1
github.com/go-park-mail-ru/2025_2_VKarmane/internal/usecase/auth/auth.go:15.69,20.2 1 8
github.com/go-park-mail-ru/2025_2_VKarmane/internal/usecase/auth/auth.go:22.107,24.2 1 2
github.com/go-park-mail-ru/2025_2_VKarmane/internal/usecase/auth/auth.go:26.101,28.2 1 2
github.com/go-park-mail-ru/2025_2_VKarmane/internal/usecase/auth/auth.go:30.86,32.2 1 2
github.com/go-park-mail-ru/2025_2_VKarmane/internal/usecase/auth/auth.go:34.120,36.2 1 2
github.com/go-park-mail-ru/2025_2_VKarmane/internal/usecase/balance/balance.go:19.57,25.2 2 0
github.com/go-park-mail-ru/2025_2_VKarmane/internal/usecase/balance/balance.go:27.97,30.16 3 3
github.com/go-park-mail-ru/2025_2_VKarmane/internal/usecase/balance/balance.go:30.16,33.3 2 1
github.com/go-park-mail-ru/2025_2_VKarmane/internal/usecase/balance/balance.go:35.2,35.22 1 2
github.com/go-park-mail-ru/2025_2_VKarmane/internal/usecase/balance/balance.go:38.103,41.16 3 3
github.com/go-park-mail-ru/2025_2_VKarmane/internal/usecase/balance/balance.go:41.16,44.3 2 1
github.com/go-park-mail-ru/2025_2_VKarmane/internal/usecase/balance/balance.go:46.2,46.35 1 2
github.com/go-park-mail-ru/2025_2_VKarmane/internal/usecase/balance/balance.go:46.35,47.30 1 2
github.com/go-park-mail-ru/2025_2_VKarmane/internal/usecase/balance/balance.go:47.30,49.4 1 1
github.com/go-park-mail-ru/2025_2_VKarmane/internal/usecase/balance/balance.go:52.2,53.98 2 1
github.com/go-park-mail-ru/2025_2_VKarmane/internal/usecase/budget/budget.go:19.55,25.2 2 0
github.com/go-park-mail-ru/2025_2_VKarmane/internal/usecase/budget/budget.go:27.96,30.16 3 3
github.com/go-park-mail-ru/2025_2_VKarmane/internal/usecase/budget/budget.go:30.16,33.3 2 1
github.com/go-park-mail-ru/2025_2_VKarmane/internal/usecase/budget/budget.go:35.2,35.25 1 2
github.com/go-park-mail-ru/2025_2_VKarmane/internal/usecase/budget/budget.go:38.100,41.16 3 3
github.com/go-park-mail-ru/2025_2_VKarmane/internal/usecase/budget/budget.go:41.16,44.3 2 1
github.com/go-park-mail-ru/2025_2_VKarmane/internal/usecase/budget/budget.go:46.2,46.37 1 2
github.com/go-park-mail-ru/2025_2_VKarmane/internal/usecase/budget/budget.go:46.37,47.28 1 2
github.com/go-park-mail-ru/2025_2_VKarmane/internal/usecase/budget/budget.go:47.28,49.4 1 1
github.com/go-park-mail-ru/2025_2_VKarmane/internal/usecase/budget/budget.go:52.2,53.94 2 1
github.com/go-park-mail-ru/2025_2_VKarmane/internal/usecase/category/category.go:16.64,20.2 1 6
github.com/go-park-mail-ru/2025_2_VKarmane/internal/usecase/category/category.go:22.127,25.16 3 2
github.com/go-park-mail-ru/2025_2_VKarmane/internal/usecase/category/category.go:25.16,28.3 2 1
github.com/go-park-mail-ru/2025_2_VKarmane/internal/usecase/category/category.go:30.2,30.22 1 1
github.com/go-park-mail-ru/2025_2_VKarmane/internal/usecase/category/category.go:33.109,36.16 3 1
github.com/go-park-mail-ru/2025_2_VKarmane/internal/usecase/category/category.go:36.16,39.3 2 0
github.com/go-park-mail-ru/2025_2_VKarmane/internal/usecase/category/category.go:41.2,41.24 1 1
github.com/go-park-mail-ru/2025_2_VKarmane/internal/usecase/category/category.go:44.115,47.16 3 1
github.com/go-park-mail-ru/2025_2_VKarmane/internal/usecase/category/category.go:47.16,50.3 2 0
github.com/go-park-mail-ru/2025_2_VKarmane/internal/usecase/category/category.go:52.2,52.22 1 1
github.com/go-park-mail-ru/2025_2_VKarmane/internal/usecase/category/category.go:55.139,58.16 3 1
github.com/go-park-mail-ru/2025_2_VKarmane/internal/usecase/category/category.go:58.16,61.3 2 0
github.com/go-park-mail-ru/2025_2_VKarmane/internal/usecase/category/category.go:63.2,63.22 1 1
github.com/go-park-mail-ru/2025_2_VKarmane/internal/usecase/category/category.go:66.86,69.16 3 1
github.com/go-park-mail-ru/2025_2_VKarmane/internal/usecase/category/category.go:69.16,72.3 2 0
github.com/go-park-mail-ru/2025_2_VKarmane/internal/usecase/category/category.go:74.2,74.12 1 1
github.com/go-park-mail-ru/2025_2_VKarmane/internal/usecase/image/image.go:16.55,20.2 1 4
github.com/go-park-mail-ru/2025_2_VKarmane/internal/usecase/image/image.go:22.136,25.16 3 2
github.com/go-park-mail-ru/2025_2_VKarmane/internal/usecase/image/image.go:25.16,28.3 2 1
github.com/go-park-mail-ru/2025_2_VKarmane/internal/usecase/image/image.go:30.2,30.21 1 1
github.com/go-park-mail-ru/2025_2_VKarmane/internal/usecase/image/image.go:33.85,36.16 3 1
github.com/go-park-mail-ru/2025_2_VKarmane/internal/usecase/image/image.go:36.16,39.3 2 0
github.com/go-park-mail-ru/2025_2_VKarmane/internal/usecase/image/image.go:41.2,41.17 1 1
github.com/go-park-mail-ru/2025_2_VKarmane/internal/usecase/image/image.go:44.75,47.16 3 1
github.com/go-park-mail-ru/2025_2_VKarmane/internal/usecase/image/image.go:47.16,50.3 2 0
github.com/go-park-mail-ru/2025_2_VKarmane/internal/usecase/image/image.go:52.2,52.12 1 1
github.com/go-park-mail-ru/2025_2_VKarmane/internal/usecase/image/image.go:55.83,58.16 3 0
github.com/go-park-mail-ru/2025_2_VKarmane/internal/usecase/image/image.go:58.16,61.3 2 0
github.com/go-park-mail-ru/2025_2_VKarmane/internal/usecase/image/image.go:63.2,63.20 1 0
github.com/go-park-mail-ru/2025_2_VKarmane/internal/usecase/operation/operation.go:17.64,21.2 1 6
github.com/go-park-mail-ru/2025_2_VKarmane/internal/usecase/operation/operation.go:23.101,27.16 3 2
github.com/go-park-mail-ru/2025_2_VKarmane/internal/usecase/operation/operation.go:27.16,30.3 2 1
github.com/go-park-mail-ru/2025_2_VKarmane/internal/usecase/operation/operation.go:32.2,32.21 1 1
github.com/go-park-mail-ru/2025_2_VKarmane/internal/usecase/operation/operation.go:35.105,39.16 3 1
github.com/go-park-mail-ru/2025_2_VKarmane/internal/usecase/operation/operation.go:39.16,42.3 2 0
github.com/go-park-mail-ru/2025_2_VKarmane/internal/usecase/operation/operation.go:44.2,44.20 1 1
github.com/go-park-mail-ru/2025_2_VKarmane/internal/usecase/operation/operation.go:47.129,50.39 2 1
github.com/go-park-mail-ru/2025_2_VKarmane/internal/usecase/operation/operation.go:50.39,52.3 1 0
github.com/go-park-mail-ru/2025_2_VKarmane/internal/usecase/operation/operation.go:54.2,55.16 2 1
github.com/go-park-mail-ru/2025_2_VKarmane/internal/usecase/operation/operation.go:55.16,58.3 2 0
github.com/go-park-mail-ru/2025_2_VKarmane/internal/usecase/operation/operation.go:60.2,60.20 1 1
github.com/go-park-mail-ru/2025_2_VKarmane/internal/usecase/operation/operation.go:63.139,66.39 2 1
github.com/go-park-mail-ru/2025_2_VKarmane/internal/usecase/operation/operation.go:66.39,68.3 1 0
github.com/go-park-mail-ru/2025_2_VKarmane/internal/usecase/operation/operation.go:70.2,71.16 2 1
github.com/go-park-mail-ru/2025_2_VKarmane/internal/usecase/operation/operation.go:71.16,74.3 2 0
github.com/go-park-mail-ru/2025_2_VKarmane/internal/usecase/operation/operation.go:76.2,76.20 1 1
github.com/go-park-mail-ru/2025_2_VKarmane/internal/usecase/operation/operation.go:79.104,83.16 3 1
github.com/go-park-mail-ru/2025_2_VKarmane/internal/usecase/operation/operation.go:83.16,86.3 2 0
github.com/go-park-mail-ru/2025_2_VKarmane/internal/usecase/operation/operation.go:88.2,88.20 1 1
github.com/go-park-mail-ru/2025_2_VKarmane/internal/handlers/handler.go:28.69,40.2 2 0
github.com/go-park-mail-ru/2025_2_VKarmane/internal/handlers/handler.go:42.83,44.2 1 0
github.com/go-park-mail-ru/2025_2_VKarmane/internal/handlers/register.go:22.74,28.2 1 0
github.com/go-park-mail-ru/2025_2_VKarmane/internal/handlers/register.go:30.130,38.2 7 0
github.com/go-park-mail-ru/2025_2_VKarmane/internal/usecase/profile/profile.go:16.61,20.2 1 3
github.com/go-park-mail-ru/2025_2_VKarmane/internal/usecase/profile/profile.go:22.96,25.16 3 2
github.com/go-park-mail-ru/2025_2_VKarmane/internal/usecase/profile/profile.go:25.16,28.3 2 1
github.com/go-park-mail-ru/2025_2_VKarmane/internal/usecase/profile/profile.go:30.2,30.21 1 1
github.com/go-park-mail-ru/2025_2_VKarmane/internal/usecase/profile/profile.go:33.132,36.16 3 1
github.com/go-park-mail-ru/2025_2_VKarmane/internal/usecase/profile/profile.go:36.16,39.3 2 0
github.com/go-park-mail-ru/2025_2_VKarmane/internal/usecase/profile/profile.go:41.2,41.21 1 1
github.com/go-park-mail-ru/2025_2_VKarmane/internal/utils/cookies.go:8.76,21.2 2 1
github.com/go-park-mail-ru/2025_2_VKarmane/internal/utils/cookies.go:23.64,36.2 2 1
github.com/go-park-mail-ru/2025_2_VKarmane/internal/utils/cookies.go:38.53,40.16 2 1
github.com/go-park-mail-ru/2025_2_VKarmane/internal/utils/cookies.go:40.16,42.3 1 0
github.com/go-park-mail-ru/2025_2_VKarmane/internal/utils/cookies.go:43.2,43.26 1 1
github.com/go-park-mail-ru/2025_2_VKarmane/internal/utils/jwt.go:15.68,28.2 3 1
github.com/go-park-mail-ru/2025_2_VKarmane/internal/utils/jwt.go:30.63,32.101 2 2
github.com/go-park-mail-ru/2025_2_VKarmane/internal/utils/jwt.go:32.101,34.3 1 2
github.com/go-park-mail-ru/2025_2_VKarmane/internal/utils/jwt.go:36.2,36.16 1 2
github.com/go-park-mail-ru/2025_2_VKarmane/internal/utils/jwt.go:36.16,38.3 1 1
github.com/go-park-mail-ru/2025_2_VKarmane/internal/utils/jwt.go:40.2,40.18 1 1
github.com/go-park-mail-ru/2025_2_VKarmane/internal/utils/jwt.go:40.18,42.3 1 0
github.com/go-park-mail-ru/2025_2_VKarmane/internal/utils/jwt.go:44.2,44.20 1 1
github.com/go-park-mail-ru/2025_2_VKarmane/internal/utils/password.go:29.52,31.16 2 1
github.com/go-park-mail-ru/2025_2_VKarmane/internal/utils/password.go:31.16,33.3 1 0
github.com/go-park-mail-ru/2025_2_VKarmane/internal/utils/password.go:35.2,42.25 5 1
github.com/go-park-mail-ru/2025_2_VKarmane/internal/utils/password.go:45.65,47.16 2 3
github.com/go-park-mail-ru/2025_2_VKarmane/internal/utils/password.go:47.16,49.3 1 1
github.com/go-park-mail-ru/2025_2_VKarmane/internal/utils/password.go:51.2,53.54 2 2
github.com/go-park-mail-ru/2025_2_VKarmane/internal/utils/password.go:53.54,55.3 1 1
github.com/go-park-mail-ru/2025_2_VKarmane/internal/utils/password.go:56.2,56.19 1 1
github.com/go-park-mail-ru/2025_2_VKarmane/internal/utils/password.go:59.52,62.16 3 1
github.com/go-park-mail-ru/2025_2_VKarmane/internal/utils/password.go:62.16,64.3 1 0
github.com/go-park-mail-ru/2025_2_VKarmane/internal/utils/password.go:66.2,66.15 1 1
github.com/go-park-mail-ru/2025_2_VKarmane/internal/utils/password.go:69.79,71.20 2 3
github.com/go-park-mail-ru/2025_2_VKarmane/internal/utils/password.go:71.20,73.3 1 1
github.com/go-park-mail-ru/2025_2_VKarmane/internal/utils/password.go:75.2,77.16 3 2
github.com/go-park-mail-ru/2025_2_VKarmane/internal/utils/password.go:77.16,79.3 1 0
github.com/go-park-mail-ru/2025_2_VKarmane/internal/utils/password.go:80.2,80.31 1 2
github.com/go-park-mail-ru/2025_2_VKarmane/internal/utils/password.go:80.31,82.3 1 0
github.com/go-park-mail-ru/2025_2_VKarmane/internal/utils/password.go:84.2,86.16 3 2
github.com/go-park-mail-ru/2025_2_VKarmane/internal/utils/password.go:86.16,88.3 1 0
github.com/go-park-mail-ru/2025_2_VKarmane/internal/utils/password.go:90.2,91.16 2 2
github.com/go-park-mail-ru/2025_2_VKarmane/internal/utils/password.go:91.16,93.3 1 0
github.com/go-park-mail-ru/2025_2_VKarmane/internal/utils/password.go:94.2,97.16 3 2
github.com/go-park-mail-ru/2025_2_VKarmane/internal/utils/password.go:97.16,99.3 1 0
github.com/go-park-mail-ru/2025_2_VKarmane/internal/utils/password.go:100.2,102.27 2 2
github.com/go-park-mail-ru/2025_2_VKarmane/internal/utils/validator.go:12.13,14.2 1 1
github.com/go-park-mail-ru/2025_2_VKarmane/internal/utils/validator.go:25.43,27.25 2 0
github.com/go-park-mail-ru/2025_2_VKarmane/internal/utils/validator.go:27.25,29.3 1 0
github.com/go-park-mail-ru/2025_2_VKarmane/internal/utils/validator.go:30.2,30.37 1 0
github.com/go-park-mail-ru/2025_2_VKarmane/internal/utils/validator.go:33.53,37.16 3 0
github.com/go-park-mail-ru/2025_2_VKarmane/internal/utils/validator.go:37.16,38.56 1 0
github.com/go-park-mail-ru/2025_2_VKarmane/internal/utils/validator.go:38.56,45.4 1 0
github.com/go-park-mail-ru/2025_2_VKarmane/internal/utils/validator.go:48.2,48.25 1 0
github.com/go-park-mail-ru/2025_2_VKarmane/internal/utils/validator.go:51.54,52.18 1 0
github.com/go-park-mail-ru/2025_2_VKarmane/internal/utils/validator.go:53.18,54.99 1 0
github.com/go-park-mail-ru/2025_2_VKarmane/internal/utils/validator.go:55.13,56.127 1 0
github.com/go-park-mail-ru/2025_2_VKarmane/internal/utils/validator.go:57.13,58.129 1 0
github.com/go-park-mail-ru/2025_2_VKarmane/internal/utils/validator.go:59.15,60.118 1 0
github.com/go-park-mail-ru/2025_2_VKarmane/internal/utils/validator.go:61.18,62.118 1 0
github.com/go-park-mail-ru/2025_2_VKarmane/internal/utils/validator.go:63.10,64.71 1 0
github.com/go-park-mail-ru/2025_2_VKarmane/internal/repository/postgres.go:26.59,28.16 2 0
github.com/go-park-mail-ru/2025_2_VKarmane/internal/repository/postgres.go:28.16,30.3 1 0
github.com/go-park-mail-ru/2025_2_VKarmane/internal/repository/postgres.go:32.2,32.34 1 0
github.com/go-park-mail-ru/2025_2_VKarmane/internal/repository/postgres.go:32.34,34.3 1 0
github.com/go-park-mail-ru/2025_2_VKarmane/internal/repository/postgres.go:36.2,46.19 7 0
github.com/go-park-mail-ru/2025_2_VKarmane/internal/repository/postgres.go:49.39,50.37 1 0
github.com/go-park-mail-ru/2025_2_VKarmane/internal/repository/postgres.go:50.37,52.3 1 0
github.com/go-park-mail-ru/2025_2_VKarmane/internal/repository/postgres.go:53.2,53.12 1 0
github.com/go-park-mail-ru/2025_2_VKarmane/internal/repository/postgres.go:59.96,61.2 1 0
github.com/go-park-mail-ru/2025_2_VKarmane/internal/repository/postgres.go:63.96,65.2 1 0
github.com/go-park-mail-ru/2025_2_VKarmane/internal/repository/postgres.go:67.87,69.2 1 0
github.com/go-park-mail-ru/2025_2_VKarmane/internal/repository/postgres.go:71.81,73.2 1 0
github.com/go-park-mail-ru/2025_2_VKarmane/internal/repository/postgres.go:75.125,77.2 1 0
github.com/go-park-mail-ru/2025_2_VKarmane/internal/repository/postgres.go:80.102,82.2 1 0
github.com/go-park-mail-ru/2025_2_VKarmane/internal/repository/postgres.go:85.100,87.2 1 0
github.com/go-park-mail-ru/2025_2_VKarmane/internal/repository/postgres.go:90.112,92.2 1 0
github.com/go-park-mail-ru/2025_2_VKarmane/internal/repository/postgres.go:94.106,96.2 1 0
github.com/go-park-mail-ru/2025_2_VKarmane/internal/repository/postgres.go:98.110,100.2 1 0
github.com/go-park-mail-ru/2025_2_VKarmane/internal/repository/postgres.go:102.109,104.2 1 0
github.com/go-park-mail-ru/2025_2_VKarmane/internal/repository/postgres.go:106.144,108.2 1 0
github.com/go-park-mail-ru/2025_2_VKarmane/internal/repository/postgres.go:110.109,112.2 1 0
github.com/go-park-mail-ru/2025_2_VKarmane/internal/repository/postgres.go:115.105,117.16 2 0
github.com/go-park-mail-ru/2025_2_VKarmane/internal/repository/postgres.go:117.16,119.3 1 0
github.com/go-park-mail-ru/2025_2_VKarmane/internal/repository/postgres.go:121.2,122.42 2 0
github.com/go-park-mail-ru/2025_2_VKarmane/internal/repository/postgres.go:122.42,124.3 1 0
github.com/go-park-mail-ru/2025_2_VKarmane/internal/repository/postgres.go:126.2,126.24 1 0
github.com/go-park-mail-ru/2025_2_VKarmane/internal/repository/postgres.go:129.111,131.16 2 0
github.com/go-park-mail-ru/2025_2_VKarmane/internal/repository/postgres.go:131.16,133.3 1 0
github.com/go-park-mail-ru/2025_2_VKarmane/internal/repository/postgres.go:135.2,135.56 1 0
github.com/go-park-mail-ru/2025_2_VKarmane/internal/repository/postgres.go:138.112,141.16 3 0
github.com/go-park-mail-ru/2025_2_VKarmane/internal/repository/postgres.go:141.16,143.3 1 0
github.com/go-park-mail-ru/2025_2_VKarmane/internal/repository/postgres.go:144.2,145.22 2 0
github.com/go-park-mail-ru/2025_2_VKarmane/internal/repository/postgres.go:148.93,150.71 2 0
github.com/go-park-mail-ru/2025_2_VKarmane/internal/repository/postgres.go:150.71,152.3 1 0
github.com/go-park-mail-ru/2025_2_VKarmane/internal/repository/postgres.go:153.2,153.12 1 0
github.com/go-park-mail-ru/2025_2_VKarmane/internal/repository/postgres.go:156.91,157.79 1 0
github.com/go-park-mail-ru/2025_2_VKarmane/internal/repository/postgres.go:157.79,159.3 1 0
github.com/go-park-mail-ru/2025_2_VKarmane/internal/repository/postgres.go:160.2,160.12 1 0
github.com/go-park-mail-ru/2025_2_VKarmane/internal/repository/postgres.go:163.100,165.16 2 0
github.com/go-park-mail-ru/2025_2_VKarmane/internal/repository/postgres.go:165.16,167.3 1 0
github.com/go-park-mail-ru/2025_2_VKarmane/internal/repository/postgres.go:168.2,168.19 1 0
github.com/go-park-mail-ru/2025_2_VKarmane/pkg/http/response.go:13.85,17.56 3 8
github.com/go-park-mail-ru/2025_2_VKarmane/pkg/http/response.go:17.56,20.3 2 0
github.com/go-park-mail-ru/2025_2_VKarmane/pkg/http/response.go:23.84,24.56 1 0
github.com/go-park-mail-ru/2025_2_VKarmane/pkg/http/response.go:24.56,26.3 1 0
github.com/go-park-mail-ru/2025_2_VKarmane/pkg/http/response.go:28.2,28.36 1 0
github.com/go-park-mail-ru/2025_2_VKarmane/pkg/http/response.go:31.108,34.56 2 5
github.com/go-park-mail-ru/2025_2_VKarmane/pkg/http/response.go:34.56,42.3 1 0
github.com/go-park-mail-ru/2025_2_VKarmane/pkg/http/response.go:44.2,44.35 1 5
github.com/go-park-mail-ru/2025_2_VKarmane/pkg/http/response.go:47.85,49.2 1 1
github.com/go-park-mail-ru/2025_2_VKarmane/pkg/http/response.go:51.103,53.2 1 1
github.com/go-park-mail-ru/2025_2_VKarmane/pkg/http/response.go:55.76,57.2 1 1
github.com/go-park-mail-ru/2025_2_VKarmane/pkg/http/response.go:59.99,61.2 1 1
github.com/go-park-mail-ru/2025_2_VKarmane/pkg/http/response.go:63.76,65.2 1 1
github.com/go-park-mail-ru/2025_2_VKarmane/pkg/http/response.go:67.72,69.2 1 1
github.com/go-park-mail-ru/2025_2_VKarmane/pkg/http/response.go:71.72,73.2 1 1
github.com/go-park-mail-ru/2025_2_VKarmane/pkg/http/response.go:75.56,77.2 1 0
github.com/go-park-mail-ru/2025_2_VKarmane/pkg/http/response.go:79.104,88.56 2 1
github.com/go-park-mail-ru/2025_2_VKarmane/pkg/http/response.go:88.56,92.3 1 0
github.com/go-park-mail-ru/2025_2_VKarmane/pkg/http/response.go:94.2,100.27 1 1
github.com/go-park-mail-ru/2025_2_VKarmane/internal/logger/logger.go:13.69,15.2 1 0
github.com/go-park-mail-ru/2025_2_VKarmane/internal/logger/logger.go:17.46,18.53 1 0
github.com/go-park-mail-ru/2025_2_VKarmane/internal/logger/logger.go:18.53,20.3 1 0
github.com/go-park-mail-ru/2025_2_VKarmane/internal/logger/logger.go:21.2,21.12 1 0
github.com/go-park-mail-ru/2025_2_VKarmane/internal/logger/logger.go:39.29,43.2 1 0
github.com/go-park-mail-ru/2025_2_VKarmane/internal/logger/logger.go:45.54,47.15 2 0
github.com/go-park-mail-ru/2025_2_VKarmane/internal/logger/logger.go:48.23,49.83 1 0
github.com/go-park-mail-ru/2025_2_VKarmane/internal/logger/logger.go:50.22,51.82 1 0
github.com/go-park-mail-ru/2025_2_VKarmane/internal/logger/logger.go:52.22,53.82 1 0
github.com/go-park-mail-ru/2025_2_VKarmane/internal/logger/logger.go:54.23,55.83 1 0
github.com/go-park-mail-ru/2025_2_VKarmane/internal/logger/logger.go:56.10,57.82 1 0
github.com/go-park-mail-ru/2025_2_VKarmane/internal/logger/logger.go:60.2,62.3 1 0
github.com/go-park-mail-ru/2025_2_VKarmane/internal/logger/logger.go:65.79,67.16 2 0
github.com/go-park-mail-ru/2025_2_VKarmane/internal/logger/logger.go:67.16,69.3 1 0
github.com/go-park-mail-ru/2025_2_VKarmane/internal/logger/logger.go:71.2,77.8 2 0
github.com/go-park-mail-ru/2025_2_VKarmane/internal/logger/logger.go:80.89,82.16 2 0
github.com/go-park-mail-ru/2025_2_VKarmane/internal/logger/logger.go:82.16,84.3 1 0
github.com/go-park-mail-ru/2025_2_VKarmane/internal/logger/logger.go:86.2,97.8 3 0
github.com/go-park-mail-ru/2025_2_VKarmane/internal/logger/logger.go:100.53,102.2 1 0
github.com/go-park-mail-ru/2025_2_VKarmane/internal/logger/logger.go:104.52,106.2 1 0
github.com/go-park-mail-ru/2025_2_VKarmane/internal/logger/logger.go:108.52,110.2 1 0
github.com/go-park-mail-ru/2025_2_VKarmane/internal/logger/logger.go:112.53,114.2 1 0
github.com/go-park-mail-ru/2025_2_VKarmane/internal/logger/logger.go:116.81,118.2 1 0
github.com/go-park-mail-ru/2025_2_VKarmane/internal/logger/logger.go:120.80,122.2 1 0
github.com/go-park-mail-ru/2025_2_VKarmane/internal/logger/logger.go:124.80,126.2 1 0
github.com/go-park-mail-ru/2025_2_VKarmane/internal/logger/logger.go:128.81,130.2 1 0
github.com/go-park-mail-ru/2025_2_VKarmane/internal/logger/logger.go:137.59,138.44 1 0
github.com/go-park-mail-ru/2025_2_VKarmane/internal/logger/logger.go:138.44,140.3 1 0
github.com/go-park-mail-ru/2025_2_VKarmane/internal/logger/logger.go:142.2,142.47 1 0
github.com/go-park-mail-ru/2025_2_VKarmane/internal/logger/logger.go:142.47,144.3 1 0
github.com/go-park-mail-ru/2025_2_VKarmane/internal/logger/logger.go:146.2,146.20 1 0
github.com/go-park-mail-ru/2025_2_VKarmane/internal/handlers/image/image.go:18.54,22.2 1 0
github.com/go-park-mail-ru/2025_2_VKarmane/internal/handlers/image/image.go:24.58,27.2 2 0
github.com/go-park-mail-ru/2025_2_VKarmane/internal/handlers/image/image.go:42.71,44.9 2 0
github.com/go-park-mail-ru/2025_2_VKarmane/internal/handlers/image/image.go:44.9,47.3 2 0
github.com/go-park-mail-ru/2025_2_VKarmane/internal/handlers/image/image.go:49.2,49.55 1 0
github.com/go-park-mail-ru/2025_2_VKarmane/internal/handlers/image/image.go:49.55,52.3 2 0
github.com/go-park-mail-ru/2025_2_VKarmane/internal/handlers/image/image.go:54.2,55.16 2 0
github.com/go-park-mail-ru/2025_2_VKarmane/internal/handlers/image/image.go:55.16,58.3 2 0
github.com/go-park-mail-ru/2025_2_VKarmane/internal/handlers/image/image.go:59.2,64.41 5 0
github.com/go-park-mail-ru/2025_2_VKarmane/internal/handlers/image/image.go:64.41,65.24 1 0
github.com/go-park-mail-ru/2025_2_VKarmane/internal/handlers/image/image.go:65.24,67.9 2 0
github.com/go-park-mail-ru/2025_2_VKarmane/internal/handlers/image/image.go:71.2,71.14 1 0
github.com/go-park-mail-ru/2025_2_VKarmane/internal/handlers/image/image.go:71.14,74.3 2 0
github.com/go-park-mail-ru/2025_2_VKarmane/internal/handlers/image/image.go:76.2,77.23 2 0
github.com/go-park-mail-ru/2025_2_VKarmane/internal/handlers/image/image.go:77.23,79.3 1 0
github.com/go-park-mail-ru/2025_2_VKarmane/internal/handlers/image/image.go:81.2,82.16 2 0
github.com/go-park-mail-ru/2025_2_VKarmane/internal/handlers/image/image.go:82.16,85.3 2 0
github.com/go-park-mail-ru/2025_2_VKarmane/internal/handlers/image/image.go:87.2,88.16 2 0
github.com/go-park-mail-ru/2025_2_VKarmane/internal/handlers/image/image.go:88.16,91.3 2 0
github.com/go-park-mail-ru/2025_2_VKarmane/internal/handlers/image/image.go:93.2,98.35 2 0
github.com/go-park-mail-ru/2025_2_VKarmane/internal/handlers/image/image.go:114.71,116.9 2 0
github.com/go-park-mail-ru/2025_2_VKarmane/internal/handlers/image/image.go:116.9,119.3 2 0
github.com/go-park-mail-ru/2025_2_VKarmane/internal/handlers/image/image.go:121.2,122.19 2 0
github.com/go-park-mail-ru/2025_2_VKarmane/internal/handlers/image/image.go:122.19,125.3 2 0
github.com/go-park-mail-ru/2025_2_VKarmane/internal/handlers/image/image.go:127.2,128.16 2 0
github.com/go-park-mail-ru/2025_2_VKarmane/internal/handlers/image/image.go:128.16,131.3 2 0
github.com/go-park-mail-ru/2025_2_VKarmane/internal/handlers/image/image.go:133.2,137.35 2 0
github.com/go-park-mail-ru/2025_2_VKarmane/internal/handlers/image/image.go:150.68,152.19 2 0
github.com/go-park-mail-ru/2025_2_VKarmane/internal/handlers/image/image.go:152.19,155.3 2 0
github.com/go-park-mail-ru/2025_2_VKarmane/internal/handlers/image/image.go:157.2,158.16 2 0
github.com/go-park-mail-ru/2025_2_VKarmane/internal/handlers/image/image.go:158.16,161.3 2 0
github.com/go-park-mail-ru/2025_2_VKarmane/internal/handlers/image/image.go:163.2,163.44 1 0
github.com/go-park-mail-ru/2025_2_VKarmane/internal/handlers/image/image.go:178.71,180.9 2 0
github.com/go-park-mail-ru/2025_2_VKarmane/internal/handlers/image/image.go:180.9,183.3 2 0
github.com/go-park-mail-ru/2025_2_VKarmane/internal/handlers/image/image.go:185.2,186.19 2 0
github.com/go-park-mail-ru/2025_2_VKarmane/internal/handlers/image/image.go:186.19,189.3 2 0
github.com/go-park-mail-ru/2025_2_VKarmane/internal/handlers/image/image.go:191.2,192.16 2 0
github.com/go-park-mail-ru/2025_2_VKarmane/internal/handlers/image/image.go:192.16,195.3 2 0
github.com/go-park-mail-ru/2025_2_VKarmane/internal/handlers/image/image.go:197.2,197.27 1 0
github.com/go-park-mail-ru/2025_2_VKarmane/internal/handlers/image/register.go:9.63,16.2 5 0
github.com/go-park-mail-ru/2025_2_VKarmane/internal/repository/storage/image/minio.go:18.109,23.16 2 0
github.com/go-park-mail-ru/2025_2_VKarmane/internal/repository/storage/image/minio.go:23.16,25.3 1 0
github.com/go-park-mail-ru/2025_2_VKarmane/internal/repository/storage/image/minio.go:27.2,34.16 4 0
github.com/go-park-mail-ru/2025_2_VKarmane/internal/repository/storage/image/minio.go:34.16,36.3 1 0
github.com/go-park-mail-ru/2025_2_VKarmane/internal/repository/storage/image/minio.go:38.2,38.13 1 0
github.com/go-park-mail-ru/2025_2_VKarmane/internal/repository/storage/image/minio.go:38.13,40.17 2 0
github.com/go-park-mail-ru/2025_2_VKarmane/internal/repository/storage/image/minio.go:40.17,42.4 1 0
github.com/go-park-mail-ru/2025_2_VKarmane/internal/repository/storage/image/minio.go:45.2,45.21 1 0
github.com/go-park-mail-ru/2025_2_VKarmane/internal/repository/storage/image/minio.go:48.142,52.16 2 0
github.com/go-park-mail-ru/2025_2_VKarmane/internal/repository/storage/image/minio.go:52.16,54.3 1 0
github.com/go-park-mail-ru/2025_2_VKarmane/internal/repository/storage/image/minio.go:56.2,56.24 1 0
github.com/go-park-mail-ru/2025_2_VKarmane/internal/repository/storage/image/minio.go:59.92,62.16 3 0
github.com/go-park-mail-ru/2025_2_VKarmane/internal/repository/storage/image/minio.go:62.16,64.3 1 0
github.com/go-park-mail-ru/2025_2_VKarmane/internal/repository/storage/image/minio.go:66.2,66.26 1 0
github.com/go-park-mail-ru/2025_2_VKarmane/internal/repository/storage/image/minio.go:69.82,71.16 2 0
github.com/go-park-mail-ru/2025_2_VKarmane/internal/repository/storage/image/minio.go:71.16,73.3 1 0
github.com/go-park-mail-ru/2025_2_VKarmane/internal/repository/storage/image/minio.go:75.2,75.12 1 0
github.com/go-park-mail-ru/2025_2_VKarmane/internal/repository/storage/image/minio.go:78.90,80.16 2 0
github.com/go-park-mail-ru/2025_2_VKarmane/internal/repository/storage/image/minio.go:80.16,81.53 1 0
github.com/go-park-mail-ru/2025_2_VKarmane/internal/repository/storage/image/minio.go:81.53,83.4 1 0
github.com/go-park-mail-ru/2025_2_VKarmane/internal/repository/storage/image/minio.go:84.3,84.71 1 0
github.com/go-park-mail-ru/2025_2_VKarmane/internal/repository/storage/image/minio.go:87.2,87.18 1 0
github.com/go-park-mail-ru/2025_2_VKarmane/internal/service/service.go:72.95,92.2 9 0
github.com/go-park-mail-ru/2025_2_VKarmane/internal/usecase/usecase.go:29.88,49.2 9 0
github.com/go-park-mail-ru/2025_2_VKarmane/internal/utils/clock/fixed.go:9.37,11.2 1 0
github.com/go-park-mail-ru/2025_2_VKarmane/internal/utils/clock/real.go:7.36,9.2 1 0
