mode: atomic
github.com/go-park-mail-ru/2025_2_VKarmane/internal/repository/operation/mapper.go:7.67,21.2 1 1
github.com/go-park-mail-ru/2025_2_VKarmane/internal/repository/operation/mapper.go:23.65,37.2 1 1
github.com/go-park-mail-ru/2025_2_VKarmane/internal/repository/operation/operation.go:13.58,17.2 1 0
github.com/go-park-mail-ru/2025_2_VKarmane/internal/repository/operation/operation.go:19.100,22.33 2 0
github.com/go-park-mail-ru/2025_2_VKarmane/internal/repository/operation/operation.go:22.33,23.31 1 0
github.com/go-park-mail-ru/2025_2_VKarmane/internal/repository/operation/operation.go:23.31,25.4 1 0
github.com/go-park-mail-ru/2025_2_VKarmane/internal/repository/operation/operation.go:28.2,28.12 1 0
github.com/go-park-mail-ru/2025_2_VKarmane/internal/handlers/handler.go:20.69,27.2 1 1
github.com/go-park-mail-ru/2025_2_VKarmane/internal/handlers/handler.go:29.74,31.2 1 0
github.com/go-park-mail-ru/2025_2_VKarmane/internal/handlers/handler.go:33.81,35.2 1 0
github.com/go-park-mail-ru/2025_2_VKarmane/internal/handlers/handler.go:37.74,39.2 1 0
github.com/go-park-mail-ru/2025_2_VKarmane/internal/handlers/handler.go:41.73,43.2 1 0
github.com/go-park-mail-ru/2025_2_VKarmane/internal/handlers/handler.go:45.68,47.2 1 0
github.com/go-park-mail-ru/2025_2_VKarmane/internal/handlers/handler.go:49.65,51.2 1 0
github.com/go-park-mail-ru/2025_2_VKarmane/internal/handlers/handler.go:53.70,55.2 1 0
github.com/go-park-mail-ru/2025_2_VKarmane/internal/handlers/handler.go:57.66,59.2 1 1
github.com/go-park-mail-ru/2025_2_VKarmane/internal/repository/inmemory.go:28.33,35.16 4 1
github.com/go-park-mail-ru/2025_2_VKarmane/internal/repository/inmemory.go:35.16,37.3 1 0
github.com/go-park-mail-ru/2025_2_VKarmane/internal/repository/inmemory.go:38.2,39.16 2 1
github.com/go-park-mail-ru/2025_2_VKarmane/internal/repository/inmemory.go:39.16,41.3 1 0
github.com/go-park-mail-ru/2025_2_VKarmane/internal/repository/inmemory.go:43.2,87.19 12 1
github.com/go-park-mail-ru/2025_2_VKarmane/internal/handlers/auth/auth.go:21.68,23.2 1 4
github.com/go-park-mail-ru/2025_2_VKarmane/internal/handlers/auth/auth.go:25.68,28.61 2 2
github.com/go-park-mail-ru/2025_2_VKarmane/internal/handlers/auth/auth.go:28.61,31.3 2 1
github.com/go-park-mail-ru/2025_2_VKarmane/internal/handlers/auth/auth.go:33.2,34.31 2 1
github.com/go-park-mail-ru/2025_2_VKarmane/internal/handlers/auth/auth.go:34.31,37.3 2 0
github.com/go-park-mail-ru/2025_2_VKarmane/internal/handlers/auth/auth.go:39.2,40.16 2 1
github.com/go-park-mail-ru/2025_2_VKarmane/internal/handlers/auth/auth.go:40.16,41.10 1 0
github.com/go-park-mail-ru/2025_2_VKarmane/internal/handlers/auth/auth.go:42.47,43.135 1 0
github.com/go-park-mail-ru/2025_2_VKarmane/internal/handlers/auth/auth.go:44.47,45.144 1 0
github.com/go-park-mail-ru/2025_2_VKarmane/internal/handlers/auth/auth.go:46.11,47.114 1 0
github.com/go-park-mail-ru/2025_2_VKarmane/internal/handlers/auth/auth.go:49.3,49.9 1 0
github.com/go-park-mail-ru/2025_2_VKarmane/internal/handlers/auth/auth.go:52.2,56.34 4 1
github.com/go-park-mail-ru/2025_2_VKarmane/internal/handlers/auth/auth.go:59.65,62.61 2 1
github.com/go-park-mail-ru/2025_2_VKarmane/internal/handlers/auth/auth.go:62.61,65.3 2 0
github.com/go-park-mail-ru/2025_2_VKarmane/internal/handlers/auth/auth.go:67.2,68.31 2 1
github.com/go-park-mail-ru/2025_2_VKarmane/internal/handlers/auth/auth.go:68.31,71.3 2 0
github.com/go-park-mail-ru/2025_2_VKarmane/internal/handlers/auth/auth.go:73.2,74.16 2 1
github.com/go-park-mail-ru/2025_2_VKarmane/internal/handlers/auth/auth.go:74.16,75.10 1 1
github.com/go-park-mail-ru/2025_2_VKarmane/internal/handlers/auth/auth.go:76.135,77.110 1 1
github.com/go-park-mail-ru/2025_2_VKarmane/internal/handlers/auth/auth.go:78.124,79.103 1 0
github.com/go-park-mail-ru/2025_2_VKarmane/internal/handlers/auth/auth.go:80.11,81.118 1 0
github.com/go-park-mail-ru/2025_2_VKarmane/internal/handlers/auth/auth.go:83.3,83.9 1 1
github.com/go-park-mail-ru/2025_2_VKarmane/internal/handlers/auth/auth.go:86.2,90.34 4 0
github.com/go-park-mail-ru/2025_2_VKarmane/internal/handlers/auth/auth.go:93.70,95.9 2 1
github.com/go-park-mail-ru/2025_2_VKarmane/internal/handlers/auth/auth.go:95.9,98.3 2 1
github.com/go-park-mail-ru/2025_2_VKarmane/internal/handlers/auth/auth.go:100.2,101.16 2 0
github.com/go-park-mail-ru/2025_2_VKarmane/internal/handlers/auth/auth.go:101.16,104.3 2 0
github.com/go-park-mail-ru/2025_2_VKarmane/internal/handlers/auth/auth.go:106.2,106.30 1 0
github.com/go-park-mail-ru/2025_2_VKarmane/internal/handlers/auth/auth.go:109.66,114.2 3 0
github.com/go-park-mail-ru/2025_2_VKarmane/internal/handlers/budget/budget.go:16.50,18.2 1 2
github.com/go-park-mail-ru/2025_2_VKarmane/internal/handlers/budget/budget.go:20.58,22.2 1 2
github.com/go-park-mail-ru/2025_2_VKarmane/internal/handlers/budget/budget.go:24.82,28.2 3 1
github.com/go-park-mail-ru/2025_2_VKarmane/internal/handlers/budget/budget.go:30.74,32.9 2 1
github.com/go-park-mail-ru/2025_2_VKarmane/internal/handlers/budget/budget.go:32.9,35.3 2 1
github.com/go-park-mail-ru/2025_2_VKarmane/internal/handlers/budget/budget.go:37.2,38.16 2 0
github.com/go-park-mail-ru/2025_2_VKarmane/internal/handlers/budget/budget.go:38.16,41.3 2 0
github.com/go-park-mail-ru/2025_2_VKarmane/internal/handlers/budget/budget.go:43.2,44.37 2 0
github.com/go-park-mail-ru/2025_2_VKarmane/internal/handlers/budget/budget.go:47.73,49.16 2 1
github.com/go-park-mail-ru/2025_2_VKarmane/internal/handlers/budget/budget.go:49.16,52.3 2 0
github.com/go-park-mail-ru/2025_2_VKarmane/internal/handlers/budget/budget.go:54.2,55.9 2 1
github.com/go-park-mail-ru/2025_2_VKarmane/internal/handlers/budget/budget.go:55.9,58.3 2 0
github.com/go-park-mail-ru/2025_2_VKarmane/internal/handlers/budget/budget.go:60.2,61.16 2 1
github.com/go-park-mail-ru/2025_2_VKarmane/internal/handlers/budget/budget.go:61.16,64.3 2 0
github.com/go-park-mail-ru/2025_2_VKarmane/internal/handlers/budget/budget.go:66.2,67.36 2 1
github.com/go-park-mail-ru/2025_2_VKarmane/internal/handlers/budget/mapper.go:7.50,18.2 1 4
github.com/go-park-mail-ru/2025_2_VKarmane/internal/handlers/budget/mapper.go:20.67,22.33 2 1
github.com/go-park-mail-ru/2025_2_VKarmane/internal/handlers/budget/mapper.go:22.33,24.3 1 2
github.com/go-park-mail-ru/2025_2_VKarmane/internal/handlers/budget/mapper.go:26.2,29.3 1 1
github.com/go-park-mail-ru/2025_2_VKarmane/internal/middleware/auth.go:20.71,21.46 1 3
github.com/go-park-mail-ru/2025_2_VKarmane/internal/middleware/auth.go:21.46,22.72 1 3
github.com/go-park-mail-ru/2025_2_VKarmane/internal/middleware/auth.go:22.72,24.18 2 3
github.com/go-park-mail-ru/2025_2_VKarmane/internal/middleware/auth.go:24.18,27.5 2 1
github.com/go-park-mail-ru/2025_2_VKarmane/internal/middleware/auth.go:29.4,30.25 2 2
github.com/go-park-mail-ru/2025_2_VKarmane/internal/middleware/auth.go:30.25,33.5 2 0
github.com/go-park-mail-ru/2025_2_VKarmane/internal/middleware/auth.go:35.4,35.106 1 2
github.com/go-park-mail-ru/2025_2_VKarmane/internal/middleware/auth.go:35.106,37.5 1 1
github.com/go-park-mail-ru/2025_2_VKarmane/internal/middleware/auth.go:39.4,39.18 1 2
github.com/go-park-mail-ru/2025_2_VKarmane/internal/middleware/auth.go:39.18,42.5 2 1
github.com/go-park-mail-ru/2025_2_VKarmane/internal/middleware/auth.go:44.4,44.20 1 1
github.com/go-park-mail-ru/2025_2_VKarmane/internal/middleware/auth.go:44.20,47.5 2 0
github.com/go-park-mail-ru/2025_2_VKarmane/internal/middleware/auth.go:49.4,50.11 2 1
github.com/go-park-mail-ru/2025_2_VKarmane/internal/middleware/auth.go:50.11,53.5 2 0
github.com/go-park-mail-ru/2025_2_VKarmane/internal/middleware/auth.go:55.4,56.41 2 1
github.com/go-park-mail-ru/2025_2_VKarmane/internal/middleware/auth.go:61.60,64.2 2 1
github.com/go-park-mail-ru/2025_2_VKarmane/internal/middleware/cors.go:9.103,10.46 1 0
github.com/go-park-mail-ru/2025_2_VKarmane/internal/middleware/cors.go:10.46,11.72 1 0
github.com/go-park-mail-ru/2025_2_VKarmane/internal/middleware/cors.go:11.72,27.49 5 0
github.com/go-park-mail-ru/2025_2_VKarmane/internal/middleware/cors.go:27.49,28.32 1 0
github.com/go-park-mail-ru/2025_2_VKarmane/internal/middleware/cors.go:28.32,30.11 2 0
github.com/go-park-mail-ru/2025_2_VKarmane/internal/middleware/cors.go:36.4,36.15 1 0
github.com/go-park-mail-ru/2025_2_VKarmane/internal/middleware/cors.go:36.15,38.21 2 0
github.com/go-park-mail-ru/2025_2_VKarmane/internal/middleware/cors.go:38.21,41.6 1 0
github.com/go-park-mail-ru/2025_2_VKarmane/internal/middleware/cors.go:41.11,45.6 2 0
github.com/go-park-mail-ru/2025_2_VKarmane/internal/middleware/cors.go:46.10,50.5 1 0
github.com/go-park-mail-ru/2025_2_VKarmane/internal/middleware/cors.go:52.4,64.38 5 0
github.com/go-park-mail-ru/2025_2_VKarmane/internal/middleware/cors.go:64.38,68.5 3 0
github.com/go-park-mail-ru/2025_2_VKarmane/internal/middleware/cors.go:70.4,71.24 2 0
github.com/go-park-mail-ru/2025_2_VKarmane/internal/middleware/logger.go:9.74,10.46 1 0
github.com/go-park-mail-ru/2025_2_VKarmane/internal/middleware/logger.go:10.46,11.72 1 0
github.com/go-park-mail-ru/2025_2_VKarmane/internal/middleware/logger.go:11.72,14.4 2 0
github.com/go-park-mail-ru/2025_2_VKarmane/internal/middleware/request_logger.go:12.81,13.46 1 0
github.com/go-park-mail-ru/2025_2_VKarmane/internal/middleware/request_logger.go:13.46,14.72 1 0
github.com/go-park-mail-ru/2025_2_VKarmane/internal/middleware/request_logger.go:14.72,34.23 8 0
github.com/go-park-mail-ru/2025_2_VKarmane/internal/middleware/request_logger.go:34.23,36.5 1 0
github.com/go-park-mail-ru/2025_2_VKarmane/internal/middleware/request_logger.go:38.4,38.24 1 0
github.com/go-park-mail-ru/2025_2_VKarmane/internal/middleware/request_logger.go:38.24,40.5 1 0
github.com/go-park-mail-ru/2025_2_VKarmane/internal/middleware/request_logger.go:42.4,42.33 1 0
github.com/go-park-mail-ru/2025_2_VKarmane/internal/middleware/request_logger.go:42.33,44.5 1 0
github.com/go-park-mail-ru/2025_2_VKarmane/internal/middleware/request_logger.go:44.10,46.5 1 0
github.com/go-park-mail-ru/2025_2_VKarmane/internal/middleware/request_logger.go:51.42,52.53 1 0
github.com/go-park-mail-ru/2025_2_VKarmane/internal/middleware/request_logger.go:52.53,54.19 2 0
github.com/go-park-mail-ru/2025_2_VKarmane/internal/middleware/request_logger.go:54.19,56.4 1 0
github.com/go-park-mail-ru/2025_2_VKarmane/internal/middleware/request_logger.go:59.2,59.47 1 0
github.com/go-park-mail-ru/2025_2_VKarmane/internal/middleware/request_logger.go:59.47,61.3 1 0
github.com/go-park-mail-ru/2025_2_VKarmane/internal/middleware/request_logger.go:63.2,63.49 1 0
github.com/go-park-mail-ru/2025_2_VKarmane/internal/middleware/request_logger.go:63.49,65.3 1 0
github.com/go-park-mail-ru/2025_2_VKarmane/internal/middleware/request_logger.go:67.2,68.16 2 0
github.com/go-park-mail-ru/2025_2_VKarmane/internal/middleware/request_logger.go:68.16,70.3 1 0
github.com/go-park-mail-ru/2025_2_VKarmane/internal/middleware/request_logger.go:72.2,72.11 1 0
github.com/go-park-mail-ru/2025_2_VKarmane/internal/middleware/request_logger.go:81.49,84.2 2 0
github.com/go-park-mail-ru/2025_2_VKarmane/internal/middleware/request_logger.go:86.56,90.2 3 0
github.com/go-park-mail-ru/2025_2_VKarmane/internal/middleware/request_logger.go:92.82,93.46 1 0
github.com/go-park-mail-ru/2025_2_VKarmane/internal/middleware/request_logger.go:93.46,94.72 1 0
github.com/go-park-mail-ru/2025_2_VKarmane/internal/middleware/request_logger.go:94.72,97.128 2 0
github.com/go-park-mail-ru/2025_2_VKarmane/internal/middleware/request_logger.go:97.128,100.25 2 0
github.com/go-park-mail-ru/2025_2_VKarmane/internal/middleware/request_logger.go:100.25,107.6 1 0
github.com/go-park-mail-ru/2025_2_VKarmane/internal/middleware/request_logger.go:107.11,114.6 1 0
github.com/go-park-mail-ru/2025_2_VKarmane/internal/middleware/request_logger.go:117.4,117.24 1 0
github.com/go-park-mail-ru/2025_2_VKarmane/internal/handlers/balance/balance.go:16.52,18.2 1 2
github.com/go-park-mail-ru/2025_2_VKarmane/internal/handlers/balance/balance.go:20.58,22.2 1 2
github.com/go-park-mail-ru/2025_2_VKarmane/internal/handlers/balance/balance.go:24.82,28.2 3 1
github.com/go-park-mail-ru/2025_2_VKarmane/internal/handlers/balance/balance.go:30.74,32.9 2 1
github.com/go-park-mail-ru/2025_2_VKarmane/internal/handlers/balance/balance.go:32.9,35.3 2 1
github.com/go-park-mail-ru/2025_2_VKarmane/internal/handlers/balance/balance.go:37.2,38.16 2 0
github.com/go-park-mail-ru/2025_2_VKarmane/internal/handlers/balance/balance.go:38.16,41.3 2 0
github.com/go-park-mail-ru/2025_2_VKarmane/internal/handlers/balance/balance.go:43.2,44.37 2 0
github.com/go-park-mail-ru/2025_2_VKarmane/internal/handlers/balance/balance.go:47.81,49.16 2 1
github.com/go-park-mail-ru/2025_2_VKarmane/internal/handlers/balance/balance.go:49.16,52.3 2 0
github.com/go-park-mail-ru/2025_2_VKarmane/internal/handlers/balance/balance.go:54.2,55.9 2 1
github.com/go-park-mail-ru/2025_2_VKarmane/internal/handlers/balance/balance.go:55.9,58.3 2 0
github.com/go-park-mail-ru/2025_2_VKarmane/internal/handlers/balance/balance.go:60.2,61.16 2 1
github.com/go-park-mail-ru/2025_2_VKarmane/internal/handlers/balance/balance.go:61.16,64.3 2 0
github.com/go-park-mail-ru/2025_2_VKarmane/internal/handlers/balance/balance.go:66.2,67.37 2 1
github.com/go-park-mail-ru/2025_2_VKarmane/internal/handlers/balance/mapper.go:7.54,14.2 1 4
github.com/go-park-mail-ru/2025_2_VKarmane/internal/handlers/balance/mapper.go:16.77,18.35 2 1
github.com/go-park-mail-ru/2025_2_VKarmane/internal/handlers/balance/mapper.go:18.35,20.3 1 2
github.com/go-park-mail-ru/2025_2_VKarmane/internal/handlers/balance/mapper.go:22.2,25.3 1 1
github.com/go-park-mail-ru/2025_2_VKarmane/internal/repository/account/account.go:14.84,19.2 1 1
github.com/go-park-mail-ru/2025_2_VKarmane/internal/repository/account/account.go:21.90,25.36 3 2
github.com/go-park-mail-ru/2025_2_VKarmane/internal/repository/account/account.go:25.36,26.26 1 2
github.com/go-park-mail-ru/2025_2_VKarmane/internal/repository/account/account.go:26.26,28.4 1 1
github.com/go-park-mail-ru/2025_2_VKarmane/internal/repository/account/account.go:31.2,31.31 1 2
github.com/go-park-mail-ru/2025_2_VKarmane/internal/repository/account/account.go:31.31,32.37 1 4
github.com/go-park-mail-ru/2025_2_VKarmane/internal/repository/account/account.go:32.37,34.4 1 1
github.com/go-park-mail-ru/2025_2_VKarmane/internal/repository/account/account.go:37.2,37.12 1 2
github.com/go-park-mail-ru/2025_2_VKarmane/internal/repository/account/mapper.go:7.59,16.2 1 2
github.com/go-park-mail-ru/2025_2_VKarmane/internal/repository/account/mapper.go:18.57,27.2 1 1
github.com/go-park-mail-ru/2025_2_VKarmane/internal/repository/account/mapper.go:29.75,37.2 1 1
github.com/go-park-mail-ru/2025_2_VKarmane/internal/repository/account/mapper.go:39.73,47.2 1 1
github.com/go-park-mail-ru/2025_2_VKarmane/internal/repository/budget/budget.go:13.52,17.2 1 1
github.com/go-park-mail-ru/2025_2_VKarmane/internal/repository/budget/budget.go:19.88,22.30 2 2
github.com/go-park-mail-ru/2025_2_VKarmane/internal/repository/budget/budget.go:22.30,23.25 1 4
github.com/go-park-mail-ru/2025_2_VKarmane/internal/repository/budget/budget.go:23.25,25.4 1 1
github.com/go-park-mail-ru/2025_2_VKarmane/internal/repository/budget/budget.go:28.2,28.12 1 2
github.com/go-park-mail-ru/2025_2_VKarmane/internal/repository/budget/mapper.go:7.55,20.2 1 2
github.com/go-park-mail-ru/2025_2_VKarmane/internal/repository/budget/mapper.go:22.53,35.2 1 1
github.com/go-park-mail-ru/2025_2_VKarmane/internal/repository/user/user.go:17.52,19.2 1 5
github.com/go-park-mail-ru/2025_2_VKarmane/internal/repository/user/user.go:21.93,22.28 1 3
github.com/go-park-mail-ru/2025_2_VKarmane/internal/repository/user/user.go:22.28,23.28 1 3
github.com/go-park-mail-ru/2025_2_VKarmane/internal/repository/user/user.go:23.28,24.50 1 1
github.com/go-park-mail-ru/2025_2_VKarmane/internal/repository/user/user.go:24.50,26.5 1 0
github.com/go-park-mail-ru/2025_2_VKarmane/internal/repository/user/user.go:28.4,28.92 1 1
github.com/go-park-mail-ru/2025_2_VKarmane/internal/repository/user/user.go:30.3,30.28 1 2
github.com/go-park-mail-ru/2025_2_VKarmane/internal/repository/user/user.go:30.28,31.50 1 1
github.com/go-park-mail-ru/2025_2_VKarmane/internal/repository/user/user.go:31.50,33.5 1 0
github.com/go-park-mail-ru/2025_2_VKarmane/internal/repository/user/user.go:35.4,35.92 1 1
github.com/go-park-mail-ru/2025_2_VKarmane/internal/repository/user/user.go:39.2,40.28 2 1
github.com/go-park-mail-ru/2025_2_VKarmane/internal/repository/user/user.go:40.28,41.20 1 1
github.com/go-park-mail-ru/2025_2_VKarmane/internal/repository/user/user.go:41.20,43.4 1 1
github.com/go-park-mail-ru/2025_2_VKarmane/internal/repository/user/user.go:46.2,69.8 4 1
github.com/go-park-mail-ru/2025_2_VKarmane/internal/repository/user/user.go:72.93,73.28 1 1
github.com/go-park-mail-ru/2025_2_VKarmane/internal/repository/user/user.go:73.28,74.23 1 1
github.com/go-park-mail-ru/2025_2_VKarmane/internal/repository/user/user.go:74.23,85.4 1 1
github.com/go-park-mail-ru/2025_2_VKarmane/internal/repository/user/user.go:88.2,88.48 1 0
github.com/go-park-mail-ru/2025_2_VKarmane/internal/repository/user/user.go:88.48,90.3 1 0
github.com/go-park-mail-ru/2025_2_VKarmane/internal/repository/user/user.go:92.2,92.73 1 0
github.com/go-park-mail-ru/2025_2_VKarmane/internal/repository/user/user.go:95.84,96.28 1 1
github.com/go-park-mail-ru/2025_2_VKarmane/internal/repository/user/user.go:96.28,97.17 1 1
github.com/go-park-mail-ru/2025_2_VKarmane/internal/repository/user/user.go:97.17,108.4 1 0
github.com/go-park-mail-ru/2025_2_VKarmane/internal/repository/user/user.go:111.2,111.48 1 1
github.com/go-park-mail-ru/2025_2_VKarmane/internal/repository/user/user.go:111.48,113.3 1 0
github.com/go-park-mail-ru/2025_2_VKarmane/internal/repository/user/user.go:115.2,115.70 1 1
github.com/go-park-mail-ru/2025_2_VKarmane/internal/repository/user/user.go:118.49,120.2 1 0
github.com/go-park-mail-ru/2025_2_VKarmane/internal/service/auth/auth.go:17.69,22.2 1 8
github.com/go-park-mail-ru/2025_2_VKarmane/internal/service/auth/auth.go:24.106,26.16 2 2
github.com/go-park-mail-ru/2025_2_VKarmane/internal/service/auth/auth.go:26.16,27.49 1 0
github.com/go-park-mail-ru/2025_2_VKarmane/internal/service/auth/auth.go:27.49,29.4 1 0
github.com/go-park-mail-ru/2025_2_VKarmane/internal/service/auth/auth.go:31.3,31.94 1 0
github.com/go-park-mail-ru/2025_2_VKarmane/internal/service/auth/auth.go:34.2,43.16 3 2
github.com/go-park-mail-ru/2025_2_VKarmane/internal/service/auth/auth.go:43.16,44.49 1 1
github.com/go-park-mail-ru/2025_2_VKarmane/internal/service/auth/auth.go:44.49,46.4 1 0
github.com/go-park-mail-ru/2025_2_VKarmane/internal/service/auth/auth.go:48.3,48.92 1 1
github.com/go-park-mail-ru/2025_2_VKarmane/internal/service/auth/auth.go:51.2,52.16 2 1
github.com/go-park-mail-ru/2025_2_VKarmane/internal/service/auth/auth.go:52.16,54.3 1 0
github.com/go-park-mail-ru/2025_2_VKarmane/internal/service/auth/auth.go:56.2,59.8 1 1
github.com/go-park-mail-ru/2025_2_VKarmane/internal/service/auth/auth.go:62.100,65.16 2 4
github.com/go-park-mail-ru/2025_2_VKarmane/internal/service/auth/auth.go:65.16,66.49 1 1
github.com/go-park-mail-ru/2025_2_VKarmane/internal/service/auth/auth.go:66.49,68.4 1 0
github.com/go-park-mail-ru/2025_2_VKarmane/internal/service/auth/auth.go:70.3,70.78 1 1
github.com/go-park-mail-ru/2025_2_VKarmane/internal/service/auth/auth.go:73.2,74.16 2 3
github.com/go-park-mail-ru/2025_2_VKarmane/internal/service/auth/auth.go:74.16,75.49 1 1
github.com/go-park-mail-ru/2025_2_VKarmane/internal/service/auth/auth.go:75.49,77.4 1 0
github.com/go-park-mail-ru/2025_2_VKarmane/internal/service/auth/auth.go:79.3,79.93 1 1
github.com/go-park-mail-ru/2025_2_VKarmane/internal/service/auth/auth.go:82.2,82.12 1 2
github.com/go-park-mail-ru/2025_2_VKarmane/internal/service/auth/auth.go:82.12,83.49 1 1
github.com/go-park-mail-ru/2025_2_VKarmane/internal/service/auth/auth.go:83.49,85.4 1 0
github.com/go-park-mail-ru/2025_2_VKarmane/internal/service/auth/auth.go:87.3,87.78 1 1
github.com/go-park-mail-ru/2025_2_VKarmane/internal/service/auth/auth.go:90.2,91.16 2 1
github.com/go-park-mail-ru/2025_2_VKarmane/internal/service/auth/auth.go:91.16,92.49 1 0
github.com/go-park-mail-ru/2025_2_VKarmane/internal/service/auth/auth.go:92.49,94.4 1 0
github.com/go-park-mail-ru/2025_2_VKarmane/internal/service/auth/auth.go:95.3,95.92 1 0
github.com/go-park-mail-ru/2025_2_VKarmane/internal/service/auth/auth.go:98.2,103.8 2 1
github.com/go-park-mail-ru/2025_2_VKarmane/internal/service/auth/auth.go:106.85,108.16 2 2
github.com/go-park-mail-ru/2025_2_VKarmane/internal/service/auth/auth.go:108.16,109.49 1 1
github.com/go-park-mail-ru/2025_2_VKarmane/internal/service/auth/auth.go:109.49,111.4 1 0
github.com/go-park-mail-ru/2025_2_VKarmane/internal/service/auth/auth.go:113.3,113.64 1 1
github.com/go-park-mail-ru/2025_2_VKarmane/internal/service/auth/auth.go:116.2,116.18 1 1
github.com/go-park-mail-ru/2025_2_VKarmane/internal/service/service.go:20.51,35.2 8 1
github.com/go-park-mail-ru/2025_2_VKarmane/internal/service/balance/balance.go:13.57,15.2 1 4
github.com/go-park-mail-ru/2025_2_VKarmane/internal/service/balance/balance.go:17.96,21.2 2 4
github.com/go-park-mail-ru/2025_2_VKarmane/internal/service/budget/budget.go:15.121,21.2 1 5
github.com/go-park-mail-ru/2025_2_VKarmane/internal/service/budget/budget.go:23.95,27.25 3 5
github.com/go-park-mail-ru/2025_2_VKarmane/internal/service/budget/budget.go:27.25,29.36 2 5
github.com/go-park-mail-ru/2025_2_VKarmane/internal/service/budget/budget.go:29.36,31.27 2 6
github.com/go-park-mail-ru/2025_2_VKarmane/internal/service/budget/budget.go:31.27,32.47 1 9
github.com/go-park-mail-ru/2025_2_VKarmane/internal/service/budget/budget.go:32.47,33.14 1 1
github.com/go-park-mail-ru/2025_2_VKarmane/internal/service/budget/budget.go:35.5,35.96 1 8
github.com/go-park-mail-ru/2025_2_VKarmane/internal/service/budget/budget.go:35.96,36.14 1 2
github.com/go-park-mail-ru/2025_2_VKarmane/internal/service/budget/budget.go:39.5,39.29 1 6
github.com/go-park-mail-ru/2025_2_VKarmane/internal/service/budget/budget.go:39.29,41.6 1 5
github.com/go-park-mail-ru/2025_2_VKarmane/internal/service/budget/budget.go:44.3,44.29 1 5
github.com/go-park-mail-ru/2025_2_VKarmane/internal/service/budget/budget.go:47.2,47.21 1 5
github.com/go-park-mail-ru/2025_2_VKarmane/internal/usecase/usecase.go:20.95,31.2 4 1
github.com/go-park-mail-ru/2025_2_VKarmane/internal/usecase/auth/auth.go:13.51,17.2 1 6
github.com/go-park-mail-ru/2025_2_VKarmane/internal/usecase/auth/auth.go:19.107,21.2 1 2
github.com/go-park-mail-ru/2025_2_VKarmane/internal/usecase/auth/auth.go:23.101,25.2 1 2
github.com/go-park-mail-ru/2025_2_VKarmane/internal/usecase/auth/auth.go:27.86,29.2 1 2
github.com/go-park-mail-ru/2025_2_VKarmane/internal/utils/cookies.go:8.76,21.2 2 1
github.com/go-park-mail-ru/2025_2_VKarmane/internal/utils/cookies.go:23.64,36.2 2 1
github.com/go-park-mail-ru/2025_2_VKarmane/internal/utils/cookies.go:38.53,40.16 2 1
github.com/go-park-mail-ru/2025_2_VKarmane/internal/utils/cookies.go:40.16,42.3 1 0
github.com/go-park-mail-ru/2025_2_VKarmane/internal/utils/cookies.go:43.2,43.26 1 1
github.com/go-park-mail-ru/2025_2_VKarmane/internal/utils/jwt.go:15.68,28.2 3 1
github.com/go-park-mail-ru/2025_2_VKarmane/internal/utils/jwt.go:30.63,32.101 2 2
github.com/go-park-mail-ru/2025_2_VKarmane/internal/utils/jwt.go:32.101,34.3 1 2
github.com/go-park-mail-ru/2025_2_VKarmane/internal/utils/jwt.go:36.2,36.16 1 2
github.com/go-park-mail-ru/2025_2_VKarmane/internal/utils/jwt.go:36.16,38.3 1 1
github.com/go-park-mail-ru/2025_2_VKarmane/internal/utils/jwt.go:40.2,40.18 1 1
github.com/go-park-mail-ru/2025_2_VKarmane/internal/utils/jwt.go:40.18,42.3 1 0
github.com/go-park-mail-ru/2025_2_VKarmane/internal/utils/jwt.go:44.2,44.20 1 1
github.com/go-park-mail-ru/2025_2_VKarmane/internal/utils/password.go:29.52,31.16 2 1
github.com/go-park-mail-ru/2025_2_VKarmane/internal/utils/password.go:31.16,33.3 1 0
github.com/go-park-mail-ru/2025_2_VKarmane/internal/utils/password.go:35.2,42.25 5 1
github.com/go-park-mail-ru/2025_2_VKarmane/internal/utils/password.go:45.65,47.16 2 3
github.com/go-park-mail-ru/2025_2_VKarmane/internal/utils/password.go:47.16,49.3 1 1
github.com/go-park-mail-ru/2025_2_VKarmane/internal/utils/password.go:51.2,53.54 2 2
github.com/go-park-mail-ru/2025_2_VKarmane/internal/utils/password.go:53.54,55.3 1 1
github.com/go-park-mail-ru/2025_2_VKarmane/internal/utils/password.go:56.2,56.19 1 1
github.com/go-park-mail-ru/2025_2_VKarmane/internal/utils/password.go:59.52,62.16 3 1
github.com/go-park-mail-ru/2025_2_VKarmane/internal/utils/password.go:62.16,64.3 1 0
github.com/go-park-mail-ru/2025_2_VKarmane/internal/utils/password.go:66.2,66.15 1 1
github.com/go-park-mail-ru/2025_2_VKarmane/internal/utils/password.go:69.79,71.20 2 3
github.com/go-park-mail-ru/2025_2_VKarmane/internal/utils/password.go:71.20,73.3 1 1
github.com/go-park-mail-ru/2025_2_VKarmane/internal/utils/password.go:75.2,77.16 3 2
github.com/go-park-mail-ru/2025_2_VKarmane/internal/utils/password.go:77.16,79.3 1 0
github.com/go-park-mail-ru/2025_2_VKarmane/internal/utils/password.go:80.2,80.31 1 2
github.com/go-park-mail-ru/2025_2_VKarmane/internal/utils/password.go:80.31,82.3 1 0
github.com/go-park-mail-ru/2025_2_VKarmane/internal/utils/password.go:84.2,86.16 3 2
github.com/go-park-mail-ru/2025_2_VKarmane/internal/utils/password.go:86.16,88.3 1 0
github.com/go-park-mail-ru/2025_2_VKarmane/internal/utils/password.go:90.2,91.16 2 2
github.com/go-park-mail-ru/2025_2_VKarmane/internal/utils/password.go:91.16,93.3 1 0
github.com/go-park-mail-ru/2025_2_VKarmane/internal/utils/password.go:94.2,97.16 3 2
github.com/go-park-mail-ru/2025_2_VKarmane/internal/utils/password.go:97.16,99.3 1 0
github.com/go-park-mail-ru/2025_2_VKarmane/internal/utils/password.go:100.2,102.27 2 2
github.com/go-park-mail-ru/2025_2_VKarmane/internal/utils/validator.go:12.13,14.2 1 1
github.com/go-park-mail-ru/2025_2_VKarmane/internal/utils/validator.go:25.43,27.25 2 0
github.com/go-park-mail-ru/2025_2_VKarmane/internal/utils/validator.go:27.25,29.3 1 0
github.com/go-park-mail-ru/2025_2_VKarmane/internal/utils/validator.go:30.2,30.37 1 0
github.com/go-park-mail-ru/2025_2_VKarmane/internal/utils/validator.go:33.53,37.16 3 0
github.com/go-park-mail-ru/2025_2_VKarmane/internal/utils/validator.go:37.16,38.56 1 0
github.com/go-park-mail-ru/2025_2_VKarmane/internal/utils/validator.go:38.56,45.4 1 0
github.com/go-park-mail-ru/2025_2_VKarmane/internal/utils/validator.go:48.2,48.25 1 0
github.com/go-park-mail-ru/2025_2_VKarmane/internal/utils/validator.go:51.54,52.18 1 0
github.com/go-park-mail-ru/2025_2_VKarmane/internal/utils/validator.go:53.18,54.99 1 0
github.com/go-park-mail-ru/2025_2_VKarmane/internal/utils/validator.go:55.13,56.127 1 0
github.com/go-park-mail-ru/2025_2_VKarmane/internal/utils/validator.go:57.13,58.129 1 0
github.com/go-park-mail-ru/2025_2_VKarmane/internal/utils/validator.go:59.15,60.118 1 0
github.com/go-park-mail-ru/2025_2_VKarmane/internal/utils/validator.go:61.18,62.118 1 0
github.com/go-park-mail-ru/2025_2_VKarmane/internal/utils/validator.go:63.10,64.71 1 0
github.com/go-park-mail-ru/2025_2_VKarmane/pkg/http/response.go:13.85,17.56 3 8
github.com/go-park-mail-ru/2025_2_VKarmane/pkg/http/response.go:17.56,20.3 2 0
github.com/go-park-mail-ru/2025_2_VKarmane/pkg/http/response.go:23.84,24.56 1 0
github.com/go-park-mail-ru/2025_2_VKarmane/pkg/http/response.go:24.56,26.3 1 0
github.com/go-park-mail-ru/2025_2_VKarmane/pkg/http/response.go:28.2,28.36 1 0
github.com/go-park-mail-ru/2025_2_VKarmane/pkg/http/response.go:31.108,34.56 2 5
github.com/go-park-mail-ru/2025_2_VKarmane/pkg/http/response.go:34.56,42.3 1 0
github.com/go-park-mail-ru/2025_2_VKarmane/pkg/http/response.go:44.2,44.35 1 5
github.com/go-park-mail-ru/2025_2_VKarmane/pkg/http/response.go:47.85,49.2 1 1
github.com/go-park-mail-ru/2025_2_VKarmane/pkg/http/response.go:51.103,53.2 1 1
github.com/go-park-mail-ru/2025_2_VKarmane/pkg/http/response.go:55.76,57.2 1 1
github.com/go-park-mail-ru/2025_2_VKarmane/pkg/http/response.go:59.99,61.2 1 1
github.com/go-park-mail-ru/2025_2_VKarmane/pkg/http/response.go:63.76,65.2 1 1
github.com/go-park-mail-ru/2025_2_VKarmane/pkg/http/response.go:67.72,69.2 1 1
github.com/go-park-mail-ru/2025_2_VKarmane/pkg/http/response.go:71.72,73.2 1 1
github.com/go-park-mail-ru/2025_2_VKarmane/pkg/http/response.go:75.56,77.2 1 0
github.com/go-park-mail-ru/2025_2_VKarmane/pkg/http/response.go:79.104,88.56 2 1
github.com/go-park-mail-ru/2025_2_VKarmane/pkg/http/response.go:88.56,92.3 1 0
github.com/go-park-mail-ru/2025_2_VKarmane/pkg/http/response.go:94.2,100.27 1 1
github.com/go-park-mail-ru/2025_2_VKarmane/cmd/api/app/app.go:22.18,26.16 3 0
github.com/go-park-mail-ru/2025_2_VKarmane/cmd/api/app/app.go:26.16,28.3 1 0
github.com/go-park-mail-ru/2025_2_VKarmane/cmd/api/app/app.go:30.2,31.16 2 0
github.com/go-park-mail-ru/2025_2_VKarmane/cmd/api/app/app.go:31.16,33.3 1 0
github.com/go-park-mail-ru/2025_2_VKarmane/cmd/api/app/app.go:34.2,70.83 26 0
github.com/go-park-mail-ru/2025_2_VKarmane/cmd/api/app/app.go:70.83,71.37 1 0
github.com/go-park-mail-ru/2025_2_VKarmane/cmd/api/app/app.go:71.37,76.4 3 0
github.com/go-park-mail-ru/2025_2_VKarmane/cmd/api/app/app.go:77.3,77.22 1 0
github.com/go-park-mail-ru/2025_2_VKarmane/cmd/api/app/app.go:80.2,85.12 2 0
github.com/go-park-mail-ru/2025_2_VKarmane/cmd/api/app/app.go:85.12,88.77 2 0
github.com/go-park-mail-ru/2025_2_VKarmane/cmd/api/app/app.go:88.77,90.4 1 0
github.com/go-park-mail-ru/2025_2_VKarmane/cmd/api/app/app.go:93.2,102.42 7 0
github.com/go-park-mail-ru/2025_2_VKarmane/cmd/api/app/app.go:102.42,104.3 1 0
github.com/go-park-mail-ru/2025_2_VKarmane/cmd/api/app/app.go:106.2,107.12 2 0
github.com/go-park-mail-ru/2025_2_VKarmane/cmd/api/app/config.go:14.27,23.2 2 0
github.com/go-park-mail-ru/2025_2_VKarmane/cmd/api/app/config.go:25.46,26.42 1 0
github.com/go-park-mail-ru/2025_2_VKarmane/cmd/api/app/config.go:26.42,28.3 1 0
github.com/go-park-mail-ru/2025_2_VKarmane/cmd/api/app/config.go:29.2,29.21 1 0
github.com/go-park-mail-ru/2025_2_VKarmane/cmd/api/app/config.go:32.38,34.2 1 0
github.com/go-park-mail-ru/2025_2_VKarmane/cmd/api/app/config.go:36.44,38.2 1 0
github.com/go-park-mail-ru/2025_2_VKarmane/cmd/api/app/config.go:40.44,41.22 1 0
github.com/go-park-mail-ru/2025_2_VKarmane/cmd/api/app/config.go:41.22,46.3 1 0
github.com/go-park-mail-ru/2025_2_VKarmane/cmd/api/app/config.go:47.2,51.3 1 0
github.com/go-park-mail-ru/2025_2_VKarmane/cmd/api/main.go:9.13,10.34 1 0
github.com/go-park-mail-ru/2025_2_VKarmane/cmd/api/main.go:10.34,12.3 1 0
github.com/go-park-mail-ru/2025_2_VKarmane/internal/models/errors.go:53.83,61.2 1 0
github.com/go-park-mail-ru/2025_2_VKarmane/internal/models/errors.go:63.45,104.40 2 0
github.com/go-park-mail-ru/2025_2_VKarmane/internal/models/errors.go:104.40,106.3 1 0
github.com/go-park-mail-ru/2025_2_VKarmane/internal/models/errors.go:107.2,107.46 1 0
github.com/go-park-mail-ru/2025_2_VKarmane/internal/logger/logger.go:13.69,15.2 1 0
github.com/go-park-mail-ru/2025_2_VKarmane/internal/logger/logger.go:17.46,18.53 1 0
github.com/go-park-mail-ru/2025_2_VKarmane/internal/logger/logger.go:18.53,20.3 1 0
github.com/go-park-mail-ru/2025_2_VKarmane/internal/logger/logger.go:21.2,21.12 1 0
github.com/go-park-mail-ru/2025_2_VKarmane/internal/logger/logger.go:39.29,43.2 1 0
github.com/go-park-mail-ru/2025_2_VKarmane/internal/logger/logger.go:45.54,47.15 2 0
github.com/go-park-mail-ru/2025_2_VKarmane/internal/logger/logger.go:48.23,49.83 1 0
github.com/go-park-mail-ru/2025_2_VKarmane/internal/logger/logger.go:50.22,51.82 1 0
github.com/go-park-mail-ru/2025_2_VKarmane/internal/logger/logger.go:52.22,53.82 1 0
github.com/go-park-mail-ru/2025_2_VKarmane/internal/logger/logger.go:54.23,55.83 1 0
github.com/go-park-mail-ru/2025_2_VKarmane/internal/logger/logger.go:56.10,57.82 1 0
github.com/go-park-mail-ru/2025_2_VKarmane/internal/logger/logger.go:60.2,62.3 1 0
github.com/go-park-mail-ru/2025_2_VKarmane/internal/logger/logger.go:65.79,67.16 2 0
github.com/go-park-mail-ru/2025_2_VKarmane/internal/logger/logger.go:67.16,69.3 1 0
github.com/go-park-mail-ru/2025_2_VKarmane/internal/logger/logger.go:71.2,77.8 2 0
github.com/go-park-mail-ru/2025_2_VKarmane/internal/logger/logger.go:80.89,82.16 2 0
github.com/go-park-mail-ru/2025_2_VKarmane/internal/logger/logger.go:82.16,84.3 1 0
github.com/go-park-mail-ru/2025_2_VKarmane/internal/logger/logger.go:86.2,97.8 3 0
github.com/go-park-mail-ru/2025_2_VKarmane/internal/logger/logger.go:100.53,102.2 1 0
github.com/go-park-mail-ru/2025_2_VKarmane/internal/logger/logger.go:104.52,106.2 1 0
github.com/go-park-mail-ru/2025_2_VKarmane/internal/logger/logger.go:108.52,110.2 1 0
github.com/go-park-mail-ru/2025_2_VKarmane/internal/logger/logger.go:112.53,114.2 1 0
github.com/go-park-mail-ru/2025_2_VKarmane/internal/logger/logger.go:116.81,118.2 1 0
github.com/go-park-mail-ru/2025_2_VKarmane/internal/logger/logger.go:120.80,122.2 1 0
github.com/go-park-mail-ru/2025_2_VKarmane/internal/logger/logger.go:124.80,126.2 1 0
github.com/go-park-mail-ru/2025_2_VKarmane/internal/logger/logger.go:128.81,130.2 1 0
github.com/go-park-mail-ru/2025_2_VKarmane/internal/logger/logger.go:137.59,138.44 1 0
github.com/go-park-mail-ru/2025_2_VKarmane/internal/logger/logger.go:138.44,140.3 1 0
github.com/go-park-mail-ru/2025_2_VKarmane/internal/logger/logger.go:142.2,142.47 1 0
github.com/go-park-mail-ru/2025_2_VKarmane/internal/logger/logger.go:142.47,144.3 1 0
github.com/go-park-mail-ru/2025_2_VKarmane/internal/logger/logger.go:146.2,146.20 1 0
github.com/go-park-mail-ru/2025_2_VKarmane/internal/usecase/balance/balance.go:18.51,25.2 3 0
github.com/go-park-mail-ru/2025_2_VKarmane/internal/usecase/balance/balance.go:27.97,29.16 2 3
github.com/go-park-mail-ru/2025_2_VKarmane/internal/usecase/balance/balance.go:29.16,30.49 1 1
github.com/go-park-mail-ru/2025_2_VKarmane/internal/usecase/balance/balance.go:30.49,32.4 1 0
github.com/go-park-mail-ru/2025_2_VKarmane/internal/usecase/balance/balance.go:34.3,34.63 1 1
github.com/go-park-mail-ru/2025_2_VKarmane/internal/usecase/balance/balance.go:37.2,37.22 1 2
github.com/go-park-mail-ru/2025_2_VKarmane/internal/usecase/balance/balance.go:40.103,42.16 2 3
github.com/go-park-mail-ru/2025_2_VKarmane/internal/usecase/balance/balance.go:42.16,43.49 1 1
github.com/go-park-mail-ru/2025_2_VKarmane/internal/usecase/balance/balance.go:43.49,45.4 1 0
github.com/go-park-mail-ru/2025_2_VKarmane/internal/usecase/balance/balance.go:47.3,47.73 1 1
github.com/go-park-mail-ru/2025_2_VKarmane/internal/usecase/balance/balance.go:50.2,50.35 1 2
github.com/go-park-mail-ru/2025_2_VKarmane/internal/usecase/balance/balance.go:50.35,51.30 1 2
github.com/go-park-mail-ru/2025_2_VKarmane/internal/usecase/balance/balance.go:51.30,53.4 1 1
github.com/go-park-mail-ru/2025_2_VKarmane/internal/usecase/balance/balance.go:56.2,56.48 1 1
github.com/go-park-mail-ru/2025_2_VKarmane/internal/usecase/balance/balance.go:56.48,58.3 1 0
github.com/go-park-mail-ru/2025_2_VKarmane/internal/usecase/balance/balance.go:60.2,60.98 1 1
github.com/go-park-mail-ru/2025_2_VKarmane/internal/usecase/budget/budget.go:20.51,29.2 5 0
github.com/go-park-mail-ru/2025_2_VKarmane/internal/usecase/budget/budget.go:31.96,33.16 2 3
github.com/go-park-mail-ru/2025_2_VKarmane/internal/usecase/budget/budget.go:33.16,34.49 1 1
github.com/go-park-mail-ru/2025_2_VKarmane/internal/usecase/budget/budget.go:34.49,36.4 1 0
github.com/go-park-mail-ru/2025_2_VKarmane/internal/usecase/budget/budget.go:38.3,38.62 1 1
github.com/go-park-mail-ru/2025_2_VKarmane/internal/usecase/budget/budget.go:41.2,41.25 1 2
github.com/go-park-mail-ru/2025_2_VKarmane/internal/usecase/budget/budget.go:44.100,46.16 2 3
github.com/go-park-mail-ru/2025_2_VKarmane/internal/usecase/budget/budget.go:46.16,47.49 1 1
github.com/go-park-mail-ru/2025_2_VKarmane/internal/usecase/budget/budget.go:47.49,49.4 1 0
github.com/go-park-mail-ru/2025_2_VKarmane/internal/usecase/budget/budget.go:51.3,51.70 1 1
github.com/go-park-mail-ru/2025_2_VKarmane/internal/usecase/budget/budget.go:54.2,54.37 1 2
github.com/go-park-mail-ru/2025_2_VKarmane/internal/usecase/budget/budget.go:54.37,55.28 1 2
github.com/go-park-mail-ru/2025_2_VKarmane/internal/usecase/budget/budget.go:55.28,57.4 1 1
github.com/go-park-mail-ru/2025_2_VKarmane/internal/usecase/budget/budget.go:60.2,60.48 1 1
github.com/go-park-mail-ru/2025_2_VKarmane/internal/usecase/budget/budget.go:60.48,62.3 1 0
github.com/go-park-mail-ru/2025_2_VKarmane/internal/usecase/budget/budget.go:64.2,64.94 1 1
